<?xml version="1.0" encoding="UTF-8"?>
<testsuite xmlns:xsi="http://www.w3.org/2001/XMLSchema-instance" xsi:noNamespaceSchemaLocation="https://maven.apache.org/surefire/maven-surefire-plugin/xsd/surefire-test-report.xsd" name="com.example.coffee_cart_app.testMethods.TestRunner" time="0.363" tests="1" errors="0" skipped="0" failures="1">
  <properties>
    <property name="java.specification.version" value="23"/>
    <property name="sun.jnu.encoding" value="UTF-8"/>
    <property name="java.class.path" value="/Users/judemichaela.francia/Desktop/CODES/Automation Testing MAC/Selenium JAva/Coffee-Cart-App-AutomationPractice/target/test-classes:/Users/judemichaela.francia/Desktop/CODES/Automation Testing MAC/Selenium JAva/Coffee-Cart-App-AutomationPractice/target/classes:/Users/judemichaela.francia/.m2/repository/io/qameta/allure/allure-maven/2.8/allure-maven-2.8.jar:/Users/judemichaela.francia/.m2/repository/org/apache/httpcomponents/httpclient/4.5.3/httpclient-4.5.3.jar:/Users/judemichaela.francia/.m2/repository/org/apache/httpcomponents/httpcore/4.4.6/httpcore-4.4.6.jar:/Users/judemichaela.francia/.m2/repository/commons-logging/commons-logging/1.2/commons-logging-1.2.jar:/Users/judemichaela.francia/.m2/repository/commons-codec/commons-codec/1.9/commons-codec-1.9.jar:/Users/judemichaela.francia/.m2/repository/org/apache/maven/maven-core/3.3.9/maven-core-3.3.9.jar:/Users/judemichaela.francia/.m2/repository/org/apache/maven/maven-model/3.3.9/maven-model-3.3.9.jar:/Users/judemichaela.francia/.m2/repository/org/apache/maven/maven-settings/3.3.9/maven-settings-3.3.9.jar:/Users/judemichaela.francia/.m2/repository/org/apache/maven/maven-settings-builder/3.3.9/maven-settings-builder-3.3.9.jar:/Users/judemichaela.francia/.m2/repository/org/apache/maven/maven-builder-support/3.3.9/maven-builder-support-3.3.9.jar:/Users/judemichaela.francia/.m2/repository/org/apache/maven/maven-repository-metadata/3.3.9/maven-repository-metadata-3.3.9.jar:/Users/judemichaela.francia/.m2/repository/org/apache/maven/maven-artifact/3.3.9/maven-artifact-3.3.9.jar:/Users/judemichaela.francia/.m2/repository/org/apache/maven/maven-plugin-api/3.3.9/maven-plugin-api-3.3.9.jar:/Users/judemichaela.francia/.m2/repository/org/apache/maven/maven-model-builder/3.3.9/maven-model-builder-3.3.9.jar:/Users/judemichaela.francia/.m2/repository/org/apache/maven/maven-aether-provider/3.3.9/maven-aether-provider-3.3.9.jar:/Users/judemichaela.francia/.m2/repository/org/eclipse/aether/aether-spi/1.0.2.v20150114/aether-spi-1.0.2.v20150114.jar:/Users/judemichaela.francia/.m2/repository/org/eclipse/aether/aether-impl/1.0.2.v20150114/aether-impl-1.0.2.v20150114.jar:/Users/judemichaela.francia/.m2/repository/org/eclipse/aether/aether-api/1.0.2.v20150114/aether-api-1.0.2.v20150114.jar:/Users/judemichaela.francia/.m2/repository/org/eclipse/aether/aether-util/1.0.2.v20150114/aether-util-1.0.2.v20150114.jar:/Users/judemichaela.francia/.m2/repository/org/eclipse/sisu/org.eclipse.sisu.plexus/0.3.2/org.eclipse.sisu.plexus-0.3.2.jar:/Users/judemichaela.francia/.m2/repository/javax/enterprise/cdi-api/1.0/cdi-api-1.0.jar:/Users/judemichaela.francia/.m2/repository/javax/annotation/jsr250-api/1.0/jsr250-api-1.0.jar:/Users/judemichaela.francia/.m2/repository/org/eclipse/sisu/org.eclipse.sisu.inject/0.3.2/org.eclipse.sisu.inject-0.3.2.jar:/Users/judemichaela.francia/.m2/repository/com/google/inject/guice/4.0/guice-4.0-no_aop.jar:/Users/judemichaela.francia/.m2/repository/javax/inject/javax.inject/1/javax.inject-1.jar:/Users/judemichaela.francia/.m2/repository/aopalliance/aopalliance/1.0/aopalliance-1.0.jar:/Users/judemichaela.francia/.m2/repository/org/codehaus/plexus/plexus-interpolation/1.21/plexus-interpolation-1.21.jar:/Users/judemichaela.francia/.m2/repository/org/codehaus/plexus/plexus-utils/3.0.22/plexus-utils-3.0.22.jar:/Users/judemichaela.francia/.m2/repository/org/codehaus/plexus/plexus-classworlds/2.5.2/plexus-classworlds-2.5.2.jar:/Users/judemichaela.francia/.m2/repository/org/codehaus/plexus/plexus-component-annotations/1.6/plexus-component-annotations-1.6.jar:/Users/judemichaela.francia/.m2/repository/org/sonatype/plexus/plexus-sec-dispatcher/1.3/plexus-sec-dispatcher-1.3.jar:/Users/judemichaela.francia/.m2/repository/org/sonatype/plexus/plexus-cipher/1.4/plexus-cipher-1.4.jar:/Users/judemichaela.francia/.m2/repository/org/apache/commons/commons-lang3/3.4/commons-lang3-3.4.jar:/Users/judemichaela.francia/.m2/repository/org/apache/maven/reporting/maven-reporting-impl/2.4/maven-reporting-impl-2.4.jar:/Users/judemichaela.francia/.m2/repository/org/apache/maven/reporting/maven-reporting-api/3.0/maven-reporting-api-3.0.jar:/Users/judemichaela.francia/.m2/repository/org/apache/maven/maven-project/2.2.1/maven-project-2.2.1.jar:/Users/judemichaela.francia/.m2/repository/org/apache/maven/maven-profile/2.2.1/maven-profile-2.2.1.jar:/Users/judemichaela.francia/.m2/repository/org/apache/maven/maven-artifact-manager/2.2.1/maven-artifact-manager-2.2.1.jar:/Users/judemichaela.francia/.m2/repository/backport-util-concurrent/backport-util-concurrent/3.1/backport-util-concurrent-3.1.jar:/Users/judemichaela.francia/.m2/repository/org/apache/maven/maven-plugin-registry/2.2.1/maven-plugin-registry-2.2.1.jar:/Users/judemichaela.francia/.m2/repository/org/codehaus/plexus/plexus-container-default/1.0-alpha-9-stable-1/plexus-container-default-1.0-alpha-9-stable-1.jar:/Users/judemichaela.francia/.m2/repository/junit/junit/3.8.1/junit-3.8.1.jar:/Users/judemichaela.francia/.m2/repository/classworlds/classworlds/1.1-alpha-2/classworlds-1.1-alpha-2.jar:/Users/judemichaela.francia/.m2/repository/org/apache/maven/shared/maven-shared-utils/0.6/maven-shared-utils-0.6.jar:/Users/judemichaela.francia/.m2/repository/com/google/code/findbugs/jsr305/2.0.1/jsr305-2.0.1.jar:/Users/judemichaela.francia/.m2/repository/org/apache/maven/doxia/doxia-sink-api/1.6/doxia-sink-api-1.6.jar:/Users/judemichaela.francia/.m2/repository/org/apache/maven/doxia/doxia-logging-api/1.6/doxia-logging-api-1.6.jar:/Users/judemichaela.francia/.m2/repository/org/apache/maven/doxia/doxia-core/1.6/doxia-core-1.6.jar:/Users/judemichaela.francia/.m2/repository/xerces/xercesImpl/2.9.1/xercesImpl-2.9.1.jar:/Users/judemichaela.francia/.m2/repository/commons-lang/commons-lang/2.4/commons-lang-2.4.jar:/Users/judemichaela.francia/.m2/repository/xmlunit/xmlunit/1.5/xmlunit-1.5.jar:/Users/judemichaela.francia/.m2/repository/org/apache/maven/doxia/doxia-site-renderer/1.6/doxia-site-renderer-1.6.jar:/Users/judemichaela.francia/.m2/repository/org/apache/maven/doxia/doxia-decoration-model/1.6/doxia-decoration-model-1.6.jar:/Users/judemichaela.francia/.m2/repository/org/apache/maven/doxia/doxia-module-xhtml/1.6/doxia-module-xhtml-1.6.jar:/Users/judemichaela.francia/.m2/repository/org/apache/maven/doxia/doxia-module-fml/1.6/doxia-module-fml-1.6.jar:/Users/judemichaela.francia/.m2/repository/org/codehaus/plexus/plexus-i18n/1.0-beta-7/plexus-i18n-1.0-beta-7.jar:/Users/judemichaela.francia/.m2/repository/org/codehaus/plexus/plexus-velocity/1.1.7/plexus-velocity-1.1.7.jar:/Users/judemichaela.francia/.m2/repository/org/apache/velocity/velocity-tools/2.0/velocity-tools-2.0.jar:/Users/judemichaela.francia/.m2/repository/commons-chain/commons-chain/1.1/commons-chain-1.1.jar:/Users/judemichaela.francia/.m2/repository/dom4j/dom4j/1.1/dom4j-1.1.jar:/Users/judemichaela.francia/.m2/repository/sslext/sslext/1.2-0/sslext-1.2-0.jar:/Users/judemichaela.francia/.m2/repository/org/apache/struts/struts-core/1.3.8/struts-core-1.3.8.jar:/Users/judemichaela.francia/.m2/repository/antlr/antlr/2.7.2/antlr-2.7.2.jar:/Users/judemichaela.francia/.m2/repository/org/apache/struts/struts-taglib/1.3.8/struts-taglib-1.3.8.jar:/Users/judemichaela.francia/.m2/repository/org/apache/struts/struts-tiles/1.3.8/struts-tiles-1.3.8.jar:/Users/judemichaela.francia/.m2/repository/commons-validator/commons-validator/1.4.1/commons-validator-1.4.1.jar:/Users/judemichaela.francia/.m2/repository/commons-digester/commons-digester/1.8.1/commons-digester-1.8.1.jar:/Users/judemichaela.francia/.m2/repository/commons-beanutils/commons-beanutils/1.9.3/commons-beanutils-1.9.3.jar:/Users/judemichaela.francia/.m2/repository/commons-collections/commons-collections/3.2.2/commons-collections-3.2.2.jar:/Users/judemichaela.francia/.m2/repository/net/lingala/zip4j/zip4j/1.3.2/zip4j-1.3.2.jar:/Users/judemichaela.francia/.m2/repository/org/apache/commons/commons-exec/1.3/commons-exec-1.3.jar:/Users/judemichaela.francia/.m2/repository/org/apache/maven/plugin-tools/maven-plugin-annotations/3.2/maven-plugin-annotations-3.2.jar:/Users/judemichaela.francia/.m2/repository/org/apache/maven/plugins/maven-jxr-plugin/2.5/maven-jxr-plugin-2.5.jar:/Users/judemichaela.francia/.m2/repository/org/apache/velocity/velocity/1.5/velocity-1.5.jar:/Users/judemichaela.francia/.m2/repository/oro/oro/2.0.8/oro-2.0.8.jar:/Users/judemichaela.francia/.m2/repository/org/apache/maven/maven-jxr/2.5/maven-jxr-2.5.jar:/Users/judemichaela.francia/.m2/repository/org/apache/maven/wagon/wagon-provider-api/1.0/wagon-provider-api-1.0.jar:/Users/judemichaela.francia/.m2/repository/xml-apis/xml-apis/1.0.b2/xml-apis-1.0.b2.jar:/Users/judemichaela.francia/.m2/repository/xalan/xalan/2.7.0/xalan-2.7.0.jar:/Users/judemichaela.francia/.m2/repository/io/cucumber/cucumber-testng/7.18.1/cucumber-testng-7.18.1.jar:/Users/judemichaela.francia/.m2/repository/org/apiguardian/apiguardian-api/1.1.2/apiguardian-api-1.1.2.jar:/Users/judemichaela.francia/.m2/repository/io/cucumber/cucumber-core/7.18.1/cucumber-core-7.18.1.jar:/Users/judemichaela.francia/.m2/repository/io/cucumber/cucumber-gherkin/7.18.1/cucumber-gherkin-7.18.1.jar:/Users/judemichaela.francia/.m2/repository/io/cucumber/cucumber-gherkin-messages/7.18.1/cucumber-gherkin-messages-7.18.1.jar:/Users/judemichaela.francia/.m2/repository/io/cucumber/gherkin/28.0.0/gherkin-28.0.0.jar:/Users/judemichaela.francia/.m2/repository/io/cucumber/messages/24.1.0/messages-24.1.0.jar:/Users/judemichaela.francia/.m2/repository/io/cucumber/testng-xml-formatter/0.2.0/testng-xml-formatter-0.2.0.jar:/Users/judemichaela.francia/.m2/repository/io/cucumber/query/12.2.0/query-12.2.0.jar:/Users/judemichaela.francia/.m2/repository/io/cucumber/tag-expressions/6.1.0/tag-expressions-6.1.0.jar:/Users/judemichaela.francia/.m2/repository/io/cucumber/cucumber-expressions/17.1.0/cucumber-expressions-17.1.0.jar:/Users/judemichaela.francia/.m2/repository/io/cucumber/datatable/7.18.1/datatable-7.18.1.jar:/Users/judemichaela.francia/.m2/repository/io/cucumber/cucumber-plugin/7.18.1/cucumber-plugin-7.18.1.jar:/Users/judemichaela.francia/.m2/repository/io/cucumber/docstring/7.18.1/docstring-7.18.1.jar:/Users/judemichaela.francia/.m2/repository/io/cucumber/html-formatter/21.4.1/html-formatter-21.4.1.jar:/Users/judemichaela.francia/.m2/repository/io/cucumber/junit-xml-formatter/0.5.0/junit-xml-formatter-0.5.0.jar:/Users/judemichaela.francia/.m2/repository/io/cucumber/ci-environment/10.0.1/ci-environment-10.0.1.jar:/Users/judemichaela.francia/.m2/repository/io/cucumber/cucumber-java/7.11.0/cucumber-java-7.11.0.jar:/Users/judemichaela.francia/.m2/repository/org/uncommons/reportng/1.1.4/reportng-1.1.4.jar:/Users/judemichaela.francia/.m2/repository/velocity/velocity/1.4/velocity-1.4.jar:/Users/judemichaela.francia/.m2/repository/velocity/velocity-dep/1.4/velocity-dep-1.4.jar:/Users/judemichaela.francia/.m2/repository/org/slf4j/slf4j-api/2.0.16/slf4j-api-2.0.16.jar:/Users/judemichaela.francia/.m2/repository/org/seleniumhq/selenium/selenium-java/4.24.0/selenium-java-4.24.0.jar:/Users/judemichaela.francia/.m2/repository/org/seleniumhq/selenium/selenium-api/4.24.0/selenium-api-4.24.0.jar:/Users/judemichaela.francia/.m2/repository/org/jspecify/jspecify/1.0.0/jspecify-1.0.0.jar:/Users/judemichaela.francia/.m2/repository/org/seleniumhq/selenium/selenium-chrome-driver/4.24.0/selenium-chrome-driver-4.24.0.jar:/Users/judemichaela.francia/.m2/repository/com/google/auto/service/auto-service-annotations/1.1.1/auto-service-annotations-1.1.1.jar:/Users/judemichaela.francia/.m2/repository/org/seleniumhq/selenium/selenium-chromium-driver/4.24.0/selenium-chromium-driver-4.24.0.jar:/Users/judemichaela.francia/.m2/repository/org/seleniumhq/selenium/selenium-json/4.24.0/selenium-json-4.24.0.jar:/Users/judemichaela.francia/.m2/repository/org/seleniumhq/selenium/selenium-manager/4.24.0/selenium-manager-4.24.0.jar:/Users/judemichaela.francia/.m2/repository/org/seleniumhq/selenium/selenium-devtools-v126/4.24.0/selenium-devtools-v126-4.24.0.jar:/Users/judemichaela.francia/.m2/repository/org/seleniumhq/selenium/selenium-devtools-v127/4.24.0/selenium-devtools-v127-4.24.0.jar:/Users/judemichaela.francia/.m2/repository/org/seleniumhq/selenium/selenium-devtools-v128/4.24.0/selenium-devtools-v128-4.24.0.jar:/Users/judemichaela.francia/.m2/repository/org/seleniumhq/selenium/selenium-devtools-v85/4.24.0/selenium-devtools-v85-4.24.0.jar:/Users/judemichaela.francia/.m2/repository/org/seleniumhq/selenium/selenium-edge-driver/4.24.0/selenium-edge-driver-4.24.0.jar:/Users/judemichaela.francia/.m2/repository/org/seleniumhq/selenium/selenium-firefox-driver/4.24.0/selenium-firefox-driver-4.24.0.jar:/Users/judemichaela.francia/.m2/repository/org/seleniumhq/selenium/selenium-http/4.24.0/selenium-http-4.24.0.jar:/Users/judemichaela.francia/.m2/repository/dev/failsafe/failsafe/3.3.2/failsafe-3.3.2.jar:/Users/judemichaela.francia/.m2/repository/org/seleniumhq/selenium/selenium-ie-driver/4.24.0/selenium-ie-driver-4.24.0.jar:/Users/judemichaela.francia/.m2/repository/org/seleniumhq/selenium/selenium-remote-driver/4.24.0/selenium-remote-driver-4.24.0.jar:/Users/judemichaela.francia/.m2/repository/com/google/guava/guava/33.3.0-jre/guava-33.3.0-jre.jar:/Users/judemichaela.francia/.m2/repository/com/google/guava/failureaccess/1.0.2/failureaccess-1.0.2.jar:/Users/judemichaela.francia/.m2/repository/com/google/guava/listenablefuture/9999.0-empty-to-avoid-conflict-with-guava/listenablefuture-9999.0-empty-to-avoid-conflict-with-guava.jar:/Users/judemichaela.francia/.m2/repository/org/checkerframework/checker-qual/3.43.0/checker-qual-3.43.0.jar:/Users/judemichaela.francia/.m2/repository/com/google/errorprone/error_prone_annotations/2.28.0/error_prone_annotations-2.28.0.jar:/Users/judemichaela.francia/.m2/repository/com/google/j2objc/j2objc-annotations/3.0.0/j2objc-annotations-3.0.0.jar:/Users/judemichaela.francia/.m2/repository/io/opentelemetry/semconv/opentelemetry-semconv/1.25.0-alpha/opentelemetry-semconv-1.25.0-alpha.jar:/Users/judemichaela.francia/.m2/repository/io/opentelemetry/opentelemetry-api/1.41.0/opentelemetry-api-1.41.0.jar:/Users/judemichaela.francia/.m2/repository/io/opentelemetry/opentelemetry-context/1.41.0/opentelemetry-context-1.41.0.jar:/Users/judemichaela.francia/.m2/repository/io/opentelemetry/opentelemetry-exporter-logging/1.41.0/opentelemetry-exporter-logging-1.41.0.jar:/Users/judemichaela.francia/.m2/repository/io/opentelemetry/opentelemetry-sdk-common/1.41.0/opentelemetry-sdk-common-1.41.0.jar:/Users/judemichaela.francia/.m2/repository/io/opentelemetry/opentelemetry-sdk-extension-autoconfigure-spi/1.41.0/opentelemetry-sdk-extension-autoconfigure-spi-1.41.0.jar:/Users/judemichaela.francia/.m2/repository/io/opentelemetry/opentelemetry-sdk-extension-autoconfigure/1.41.0/opentelemetry-sdk-extension-autoconfigure-1.41.0.jar:/Users/judemichaela.francia/.m2/repository/io/opentelemetry/opentelemetry-api-incubator/1.41.0-alpha/opentelemetry-api-incubator-1.41.0-alpha.jar:/Users/judemichaela.francia/.m2/repository/io/opentelemetry/opentelemetry-sdk-trace/1.41.0/opentelemetry-sdk-trace-1.41.0.jar:/Users/judemichaela.francia/.m2/repository/io/opentelemetry/opentelemetry-sdk/1.41.0/opentelemetry-sdk-1.41.0.jar:/Users/judemichaela.francia/.m2/repository/io/opentelemetry/opentelemetry-sdk-metrics/1.41.0/opentelemetry-sdk-metrics-1.41.0.jar:/Users/judemichaela.francia/.m2/repository/io/opentelemetry/opentelemetry-sdk-logs/1.41.0/opentelemetry-sdk-logs-1.41.0.jar:/Users/judemichaela.francia/.m2/repository/net/bytebuddy/byte-buddy/1.15.0/byte-buddy-1.15.0.jar:/Users/judemichaela.francia/.m2/repository/org/seleniumhq/selenium/selenium-os/4.24.0/selenium-os-4.24.0.jar:/Users/judemichaela.francia/.m2/repository/org/seleniumhq/selenium/selenium-safari-driver/4.24.0/selenium-safari-driver-4.24.0.jar:/Users/judemichaela.francia/.m2/repository/org/seleniumhq/selenium/selenium-support/4.24.0/selenium-support-4.24.0.jar:/Users/judemichaela.francia/.m2/repository/org/testng/testng/7.10.2/testng-7.10.2.jar:/Users/judemichaela.francia/.m2/repository/com/beust/jcommander/1.82/jcommander-1.82.jar:/Users/judemichaela.francia/.m2/repository/org/webjars/jquery/3.7.1/jquery-3.7.1.jar:/Users/judemichaela.francia/.m2/repository/commons-io/commons-io/2.16.1/commons-io-2.16.1.jar:/Users/judemichaela.francia/.m2/repository/org/apache/maven/plugins/maven-failsafe-plugin/3.3.1/maven-failsafe-plugin-3.3.1.jar:/Users/judemichaela.francia/.m2/repository/org/apache/maven/surefire/surefire-api/3.3.1/surefire-api-3.3.1.jar:/Users/judemichaela.francia/.m2/repository/org/apache/maven/surefire/surefire-logger-api/3.3.1/surefire-logger-api-3.3.1.jar:/Users/judemichaela.francia/.m2/repository/org/apache/maven/surefire/surefire-booter/3.3.1/surefire-booter-3.3.1.jar:/Users/judemichaela.francia/.m2/repository/org/apache/maven/surefire/surefire-extensions-spi/3.3.1/surefire-extensions-spi-3.3.1.jar:/Users/judemichaela.francia/.m2/repository/org/apache/maven/surefire/surefire-extensions-api/3.3.1/surefire-extensions-api-3.3.1.jar:/Users/judemichaela.francia/.m2/repository/org/apache/maven/surefire/surefire-shared-utils/3.3.1/surefire-shared-utils-3.3.1.jar:/Users/judemichaela.francia/.m2/repository/org/apache/maven/surefire/maven-surefire-common/3.3.1/maven-surefire-common-3.3.1.jar:/Users/judemichaela.francia/.m2/repository/org/apache/maven/resolver/maven-resolver-util/1.4.1/maven-resolver-util-1.4.1.jar:/Users/judemichaela.francia/.m2/repository/org/apache/maven/resolver/maven-resolver-api/1.4.1/maven-resolver-api-1.4.1.jar:/Users/judemichaela.francia/.m2/repository/org/apache/maven/shared/maven-common-artifact-filters/3.4.0/maven-common-artifact-filters-3.4.0.jar:/Users/judemichaela.francia/.m2/repository/org/codehaus/plexus/plexus-java/1.2.0/plexus-java-1.2.0.jar:/Users/judemichaela.francia/.m2/repository/org/ow2/asm/asm/9.6/asm-9.6.jar:/Users/judemichaela.francia/.m2/repository/com/thoughtworks/qdox/qdox/2.0.3/qdox-2.0.3.jar:/Users/judemichaela.francia/.m2/repository/org/apache/maven/plugins/maven-surefire-plugin/3.3.1/maven-surefire-plugin-3.3.1.jar:"/>
    <property name="java.vm.vendor" value="Homebrew"/>
    <property name="sun.arch.data.model" value="64"/>
    <property name="java.vendor.url" value="https://github.com/Homebrew/homebrew-core/issues"/>
    <property name="os.name" value="Mac OS X"/>
    <property name="java.vm.specification.version" value="23"/>
    <property name="sun.java.launcher" value="SUN_STANDARD"/>
    <property name="user.country" value="PH"/>
    <property name="sun.boot.library.path" value="/opt/homebrew/Cellar/openjdk/23/libexec/openjdk.jdk/Contents/Home/lib"/>
    <property name="sun.java.command" value="/Users/judemichaela.francia/Desktop/CODES/Automation Testing MAC/Selenium JAva/Coffee-Cart-App-AutomationPractice/target/surefire/surefirebooter274887910594767774.jar /Users/judemichaela.francia/Desktop/CODES/Automation Testing MAC/Selenium JAva/Coffee-Cart-App-AutomationPractice/target/surefire 2024-10-09T12-09-59_590-jvmRun1 surefire10413538899510777432tmp surefire_017263764516171610363tmp"/>
    <property name="http.nonProxyHosts" value="local|*.local|169.254/16|*.169.254/16"/>
    <property name="jdk.debug" value="release"/>
    <property name="surefire.test.class.path" value="/Users/judemichaela.francia/Desktop/CODES/Automation Testing MAC/Selenium JAva/Coffee-Cart-App-AutomationPractice/target/test-classes:/Users/judemichaela.francia/Desktop/CODES/Automation Testing MAC/Selenium JAva/Coffee-Cart-App-AutomationPractice/target/classes:/Users/judemichaela.francia/.m2/repository/io/qameta/allure/allure-maven/2.8/allure-maven-2.8.jar:/Users/judemichaela.francia/.m2/repository/org/apache/httpcomponents/httpclient/4.5.3/httpclient-4.5.3.jar:/Users/judemichaela.francia/.m2/repository/org/apache/httpcomponents/httpcore/4.4.6/httpcore-4.4.6.jar:/Users/judemichaela.francia/.m2/repository/commons-logging/commons-logging/1.2/commons-logging-1.2.jar:/Users/judemichaela.francia/.m2/repository/commons-codec/commons-codec/1.9/commons-codec-1.9.jar:/Users/judemichaela.francia/.m2/repository/org/apache/maven/maven-core/3.3.9/maven-core-3.3.9.jar:/Users/judemichaela.francia/.m2/repository/org/apache/maven/maven-model/3.3.9/maven-model-3.3.9.jar:/Users/judemichaela.francia/.m2/repository/org/apache/maven/maven-settings/3.3.9/maven-settings-3.3.9.jar:/Users/judemichaela.francia/.m2/repository/org/apache/maven/maven-settings-builder/3.3.9/maven-settings-builder-3.3.9.jar:/Users/judemichaela.francia/.m2/repository/org/apache/maven/maven-builder-support/3.3.9/maven-builder-support-3.3.9.jar:/Users/judemichaela.francia/.m2/repository/org/apache/maven/maven-repository-metadata/3.3.9/maven-repository-metadata-3.3.9.jar:/Users/judemichaela.francia/.m2/repository/org/apache/maven/maven-artifact/3.3.9/maven-artifact-3.3.9.jar:/Users/judemichaela.francia/.m2/repository/org/apache/maven/maven-plugin-api/3.3.9/maven-plugin-api-3.3.9.jar:/Users/judemichaela.francia/.m2/repository/org/apache/maven/maven-model-builder/3.3.9/maven-model-builder-3.3.9.jar:/Users/judemichaela.francia/.m2/repository/org/apache/maven/maven-aether-provider/3.3.9/maven-aether-provider-3.3.9.jar:/Users/judemichaela.francia/.m2/repository/org/eclipse/aether/aether-spi/1.0.2.v20150114/aether-spi-1.0.2.v20150114.jar:/Users/judemichaela.francia/.m2/repository/org/eclipse/aether/aether-impl/1.0.2.v20150114/aether-impl-1.0.2.v20150114.jar:/Users/judemichaela.francia/.m2/repository/org/eclipse/aether/aether-api/1.0.2.v20150114/aether-api-1.0.2.v20150114.jar:/Users/judemichaela.francia/.m2/repository/org/eclipse/aether/aether-util/1.0.2.v20150114/aether-util-1.0.2.v20150114.jar:/Users/judemichaela.francia/.m2/repository/org/eclipse/sisu/org.eclipse.sisu.plexus/0.3.2/org.eclipse.sisu.plexus-0.3.2.jar:/Users/judemichaela.francia/.m2/repository/javax/enterprise/cdi-api/1.0/cdi-api-1.0.jar:/Users/judemichaela.francia/.m2/repository/javax/annotation/jsr250-api/1.0/jsr250-api-1.0.jar:/Users/judemichaela.francia/.m2/repository/org/eclipse/sisu/org.eclipse.sisu.inject/0.3.2/org.eclipse.sisu.inject-0.3.2.jar:/Users/judemichaela.francia/.m2/repository/com/google/inject/guice/4.0/guice-4.0-no_aop.jar:/Users/judemichaela.francia/.m2/repository/javax/inject/javax.inject/1/javax.inject-1.jar:/Users/judemichaela.francia/.m2/repository/aopalliance/aopalliance/1.0/aopalliance-1.0.jar:/Users/judemichaela.francia/.m2/repository/org/codehaus/plexus/plexus-interpolation/1.21/plexus-interpolation-1.21.jar:/Users/judemichaela.francia/.m2/repository/org/codehaus/plexus/plexus-utils/3.0.22/plexus-utils-3.0.22.jar:/Users/judemichaela.francia/.m2/repository/org/codehaus/plexus/plexus-classworlds/2.5.2/plexus-classworlds-2.5.2.jar:/Users/judemichaela.francia/.m2/repository/org/codehaus/plexus/plexus-component-annotations/1.6/plexus-component-annotations-1.6.jar:/Users/judemichaela.francia/.m2/repository/org/sonatype/plexus/plexus-sec-dispatcher/1.3/plexus-sec-dispatcher-1.3.jar:/Users/judemichaela.francia/.m2/repository/org/sonatype/plexus/plexus-cipher/1.4/plexus-cipher-1.4.jar:/Users/judemichaela.francia/.m2/repository/org/apache/commons/commons-lang3/3.4/commons-lang3-3.4.jar:/Users/judemichaela.francia/.m2/repository/org/apache/maven/reporting/maven-reporting-impl/2.4/maven-reporting-impl-2.4.jar:/Users/judemichaela.francia/.m2/repository/org/apache/maven/reporting/maven-reporting-api/3.0/maven-reporting-api-3.0.jar:/Users/judemichaela.francia/.m2/repository/org/apache/maven/maven-project/2.2.1/maven-project-2.2.1.jar:/Users/judemichaela.francia/.m2/repository/org/apache/maven/maven-profile/2.2.1/maven-profile-2.2.1.jar:/Users/judemichaela.francia/.m2/repository/org/apache/maven/maven-artifact-manager/2.2.1/maven-artifact-manager-2.2.1.jar:/Users/judemichaela.francia/.m2/repository/backport-util-concurrent/backport-util-concurrent/3.1/backport-util-concurrent-3.1.jar:/Users/judemichaela.francia/.m2/repository/org/apache/maven/maven-plugin-registry/2.2.1/maven-plugin-registry-2.2.1.jar:/Users/judemichaela.francia/.m2/repository/org/codehaus/plexus/plexus-container-default/1.0-alpha-9-stable-1/plexus-container-default-1.0-alpha-9-stable-1.jar:/Users/judemichaela.francia/.m2/repository/junit/junit/3.8.1/junit-3.8.1.jar:/Users/judemichaela.francia/.m2/repository/classworlds/classworlds/1.1-alpha-2/classworlds-1.1-alpha-2.jar:/Users/judemichaela.francia/.m2/repository/org/apache/maven/shared/maven-shared-utils/0.6/maven-shared-utils-0.6.jar:/Users/judemichaela.francia/.m2/repository/com/google/code/findbugs/jsr305/2.0.1/jsr305-2.0.1.jar:/Users/judemichaela.francia/.m2/repository/org/apache/maven/doxia/doxia-sink-api/1.6/doxia-sink-api-1.6.jar:/Users/judemichaela.francia/.m2/repository/org/apache/maven/doxia/doxia-logging-api/1.6/doxia-logging-api-1.6.jar:/Users/judemichaela.francia/.m2/repository/org/apache/maven/doxia/doxia-core/1.6/doxia-core-1.6.jar:/Users/judemichaela.francia/.m2/repository/xerces/xercesImpl/2.9.1/xercesImpl-2.9.1.jar:/Users/judemichaela.francia/.m2/repository/commons-lang/commons-lang/2.4/commons-lang-2.4.jar:/Users/judemichaela.francia/.m2/repository/xmlunit/xmlunit/1.5/xmlunit-1.5.jar:/Users/judemichaela.francia/.m2/repository/org/apache/maven/doxia/doxia-site-renderer/1.6/doxia-site-renderer-1.6.jar:/Users/judemichaela.francia/.m2/repository/org/apache/maven/doxia/doxia-decoration-model/1.6/doxia-decoration-model-1.6.jar:/Users/judemichaela.francia/.m2/repository/org/apache/maven/doxia/doxia-module-xhtml/1.6/doxia-module-xhtml-1.6.jar:/Users/judemichaela.francia/.m2/repository/org/apache/maven/doxia/doxia-module-fml/1.6/doxia-module-fml-1.6.jar:/Users/judemichaela.francia/.m2/repository/org/codehaus/plexus/plexus-i18n/1.0-beta-7/plexus-i18n-1.0-beta-7.jar:/Users/judemichaela.francia/.m2/repository/org/codehaus/plexus/plexus-velocity/1.1.7/plexus-velocity-1.1.7.jar:/Users/judemichaela.francia/.m2/repository/org/apache/velocity/velocity-tools/2.0/velocity-tools-2.0.jar:/Users/judemichaela.francia/.m2/repository/commons-chain/commons-chain/1.1/commons-chain-1.1.jar:/Users/judemichaela.francia/.m2/repository/dom4j/dom4j/1.1/dom4j-1.1.jar:/Users/judemichaela.francia/.m2/repository/sslext/sslext/1.2-0/sslext-1.2-0.jar:/Users/judemichaela.francia/.m2/repository/org/apache/struts/struts-core/1.3.8/struts-core-1.3.8.jar:/Users/judemichaela.francia/.m2/repository/antlr/antlr/2.7.2/antlr-2.7.2.jar:/Users/judemichaela.francia/.m2/repository/org/apache/struts/struts-taglib/1.3.8/struts-taglib-1.3.8.jar:/Users/judemichaela.francia/.m2/repository/org/apache/struts/struts-tiles/1.3.8/struts-tiles-1.3.8.jar:/Users/judemichaela.francia/.m2/repository/commons-validator/commons-validator/1.4.1/commons-validator-1.4.1.jar:/Users/judemichaela.francia/.m2/repository/commons-digester/commons-digester/1.8.1/commons-digester-1.8.1.jar:/Users/judemichaela.francia/.m2/repository/commons-beanutils/commons-beanutils/1.9.3/commons-beanutils-1.9.3.jar:/Users/judemichaela.francia/.m2/repository/commons-collections/commons-collections/3.2.2/commons-collections-3.2.2.jar:/Users/judemichaela.francia/.m2/repository/net/lingala/zip4j/zip4j/1.3.2/zip4j-1.3.2.jar:/Users/judemichaela.francia/.m2/repository/org/apache/commons/commons-exec/1.3/commons-exec-1.3.jar:/Users/judemichaela.francia/.m2/repository/org/apache/maven/plugin-tools/maven-plugin-annotations/3.2/maven-plugin-annotations-3.2.jar:/Users/judemichaela.francia/.m2/repository/org/apache/maven/plugins/maven-jxr-plugin/2.5/maven-jxr-plugin-2.5.jar:/Users/judemichaela.francia/.m2/repository/org/apache/velocity/velocity/1.5/velocity-1.5.jar:/Users/judemichaela.francia/.m2/repository/oro/oro/2.0.8/oro-2.0.8.jar:/Users/judemichaela.francia/.m2/repository/org/apache/maven/maven-jxr/2.5/maven-jxr-2.5.jar:/Users/judemichaela.francia/.m2/repository/org/apache/maven/wagon/wagon-provider-api/1.0/wagon-provider-api-1.0.jar:/Users/judemichaela.francia/.m2/repository/xml-apis/xml-apis/1.0.b2/xml-apis-1.0.b2.jar:/Users/judemichaela.francia/.m2/repository/xalan/xalan/2.7.0/xalan-2.7.0.jar:/Users/judemichaela.francia/.m2/repository/io/cucumber/cucumber-testng/7.18.1/cucumber-testng-7.18.1.jar:/Users/judemichaela.francia/.m2/repository/org/apiguardian/apiguardian-api/1.1.2/apiguardian-api-1.1.2.jar:/Users/judemichaela.francia/.m2/repository/io/cucumber/cucumber-core/7.18.1/cucumber-core-7.18.1.jar:/Users/judemichaela.francia/.m2/repository/io/cucumber/cucumber-gherkin/7.18.1/cucumber-gherkin-7.18.1.jar:/Users/judemichaela.francia/.m2/repository/io/cucumber/cucumber-gherkin-messages/7.18.1/cucumber-gherkin-messages-7.18.1.jar:/Users/judemichaela.francia/.m2/repository/io/cucumber/gherkin/28.0.0/gherkin-28.0.0.jar:/Users/judemichaela.francia/.m2/repository/io/cucumber/messages/24.1.0/messages-24.1.0.jar:/Users/judemichaela.francia/.m2/repository/io/cucumber/testng-xml-formatter/0.2.0/testng-xml-formatter-0.2.0.jar:/Users/judemichaela.francia/.m2/repository/io/cucumber/query/12.2.0/query-12.2.0.jar:/Users/judemichaela.francia/.m2/repository/io/cucumber/tag-expressions/6.1.0/tag-expressions-6.1.0.jar:/Users/judemichaela.francia/.m2/repository/io/cucumber/cucumber-expressions/17.1.0/cucumber-expressions-17.1.0.jar:/Users/judemichaela.francia/.m2/repository/io/cucumber/datatable/7.18.1/datatable-7.18.1.jar:/Users/judemichaela.francia/.m2/repository/io/cucumber/cucumber-plugin/7.18.1/cucumber-plugin-7.18.1.jar:/Users/judemichaela.francia/.m2/repository/io/cucumber/docstring/7.18.1/docstring-7.18.1.jar:/Users/judemichaela.francia/.m2/repository/io/cucumber/html-formatter/21.4.1/html-formatter-21.4.1.jar:/Users/judemichaela.francia/.m2/repository/io/cucumber/junit-xml-formatter/0.5.0/junit-xml-formatter-0.5.0.jar:/Users/judemichaela.francia/.m2/repository/io/cucumber/ci-environment/10.0.1/ci-environment-10.0.1.jar:/Users/judemichaela.francia/.m2/repository/io/cucumber/cucumber-java/7.11.0/cucumber-java-7.11.0.jar:/Users/judemichaela.francia/.m2/repository/org/uncommons/reportng/1.1.4/reportng-1.1.4.jar:/Users/judemichaela.francia/.m2/repository/velocity/velocity/1.4/velocity-1.4.jar:/Users/judemichaela.francia/.m2/repository/velocity/velocity-dep/1.4/velocity-dep-1.4.jar:/Users/judemichaela.francia/.m2/repository/org/slf4j/slf4j-api/2.0.16/slf4j-api-2.0.16.jar:/Users/judemichaela.francia/.m2/repository/org/seleniumhq/selenium/selenium-java/4.24.0/selenium-java-4.24.0.jar:/Users/judemichaela.francia/.m2/repository/org/seleniumhq/selenium/selenium-api/4.24.0/selenium-api-4.24.0.jar:/Users/judemichaela.francia/.m2/repository/org/jspecify/jspecify/1.0.0/jspecify-1.0.0.jar:/Users/judemichaela.francia/.m2/repository/org/seleniumhq/selenium/selenium-chrome-driver/4.24.0/selenium-chrome-driver-4.24.0.jar:/Users/judemichaela.francia/.m2/repository/com/google/auto/service/auto-service-annotations/1.1.1/auto-service-annotations-1.1.1.jar:/Users/judemichaela.francia/.m2/repository/org/seleniumhq/selenium/selenium-chromium-driver/4.24.0/selenium-chromium-driver-4.24.0.jar:/Users/judemichaela.francia/.m2/repository/org/seleniumhq/selenium/selenium-json/4.24.0/selenium-json-4.24.0.jar:/Users/judemichaela.francia/.m2/repository/org/seleniumhq/selenium/selenium-manager/4.24.0/selenium-manager-4.24.0.jar:/Users/judemichaela.francia/.m2/repository/org/seleniumhq/selenium/selenium-devtools-v126/4.24.0/selenium-devtools-v126-4.24.0.jar:/Users/judemichaela.francia/.m2/repository/org/seleniumhq/selenium/selenium-devtools-v127/4.24.0/selenium-devtools-v127-4.24.0.jar:/Users/judemichaela.francia/.m2/repository/org/seleniumhq/selenium/selenium-devtools-v128/4.24.0/selenium-devtools-v128-4.24.0.jar:/Users/judemichaela.francia/.m2/repository/org/seleniumhq/selenium/selenium-devtools-v85/4.24.0/selenium-devtools-v85-4.24.0.jar:/Users/judemichaela.francia/.m2/repository/org/seleniumhq/selenium/selenium-edge-driver/4.24.0/selenium-edge-driver-4.24.0.jar:/Users/judemichaela.francia/.m2/repository/org/seleniumhq/selenium/selenium-firefox-driver/4.24.0/selenium-firefox-driver-4.24.0.jar:/Users/judemichaela.francia/.m2/repository/org/seleniumhq/selenium/selenium-http/4.24.0/selenium-http-4.24.0.jar:/Users/judemichaela.francia/.m2/repository/dev/failsafe/failsafe/3.3.2/failsafe-3.3.2.jar:/Users/judemichaela.francia/.m2/repository/org/seleniumhq/selenium/selenium-ie-driver/4.24.0/selenium-ie-driver-4.24.0.jar:/Users/judemichaela.francia/.m2/repository/org/seleniumhq/selenium/selenium-remote-driver/4.24.0/selenium-remote-driver-4.24.0.jar:/Users/judemichaela.francia/.m2/repository/com/google/guava/guava/33.3.0-jre/guava-33.3.0-jre.jar:/Users/judemichaela.francia/.m2/repository/com/google/guava/failureaccess/1.0.2/failureaccess-1.0.2.jar:/Users/judemichaela.francia/.m2/repository/com/google/guava/listenablefuture/9999.0-empty-to-avoid-conflict-with-guava/listenablefuture-9999.0-empty-to-avoid-conflict-with-guava.jar:/Users/judemichaela.francia/.m2/repository/org/checkerframework/checker-qual/3.43.0/checker-qual-3.43.0.jar:/Users/judemichaela.francia/.m2/repository/com/google/errorprone/error_prone_annotations/2.28.0/error_prone_annotations-2.28.0.jar:/Users/judemichaela.francia/.m2/repository/com/google/j2objc/j2objc-annotations/3.0.0/j2objc-annotations-3.0.0.jar:/Users/judemichaela.francia/.m2/repository/io/opentelemetry/semconv/opentelemetry-semconv/1.25.0-alpha/opentelemetry-semconv-1.25.0-alpha.jar:/Users/judemichaela.francia/.m2/repository/io/opentelemetry/opentelemetry-api/1.41.0/opentelemetry-api-1.41.0.jar:/Users/judemichaela.francia/.m2/repository/io/opentelemetry/opentelemetry-context/1.41.0/opentelemetry-context-1.41.0.jar:/Users/judemichaela.francia/.m2/repository/io/opentelemetry/opentelemetry-exporter-logging/1.41.0/opentelemetry-exporter-logging-1.41.0.jar:/Users/judemichaela.francia/.m2/repository/io/opentelemetry/opentelemetry-sdk-common/1.41.0/opentelemetry-sdk-common-1.41.0.jar:/Users/judemichaela.francia/.m2/repository/io/opentelemetry/opentelemetry-sdk-extension-autoconfigure-spi/1.41.0/opentelemetry-sdk-extension-autoconfigure-spi-1.41.0.jar:/Users/judemichaela.francia/.m2/repository/io/opentelemetry/opentelemetry-sdk-extension-autoconfigure/1.41.0/opentelemetry-sdk-extension-autoconfigure-1.41.0.jar:/Users/judemichaela.francia/.m2/repository/io/opentelemetry/opentelemetry-api-incubator/1.41.0-alpha/opentelemetry-api-incubator-1.41.0-alpha.jar:/Users/judemichaela.francia/.m2/repository/io/opentelemetry/opentelemetry-sdk-trace/1.41.0/opentelemetry-sdk-trace-1.41.0.jar:/Users/judemichaela.francia/.m2/repository/io/opentelemetry/opentelemetry-sdk/1.41.0/opentelemetry-sdk-1.41.0.jar:/Users/judemichaela.francia/.m2/repository/io/opentelemetry/opentelemetry-sdk-metrics/1.41.0/opentelemetry-sdk-metrics-1.41.0.jar:/Users/judemichaela.francia/.m2/repository/io/opentelemetry/opentelemetry-sdk-logs/1.41.0/opentelemetry-sdk-logs-1.41.0.jar:/Users/judemichaela.francia/.m2/repository/net/bytebuddy/byte-buddy/1.15.0/byte-buddy-1.15.0.jar:/Users/judemichaela.francia/.m2/repository/org/seleniumhq/selenium/selenium-os/4.24.0/selenium-os-4.24.0.jar:/Users/judemichaela.francia/.m2/repository/org/seleniumhq/selenium/selenium-safari-driver/4.24.0/selenium-safari-driver-4.24.0.jar:/Users/judemichaela.francia/.m2/repository/org/seleniumhq/selenium/selenium-support/4.24.0/selenium-support-4.24.0.jar:/Users/judemichaela.francia/.m2/repository/org/testng/testng/7.10.2/testng-7.10.2.jar:/Users/judemichaela.francia/.m2/repository/com/beust/jcommander/1.82/jcommander-1.82.jar:/Users/judemichaela.francia/.m2/repository/org/webjars/jquery/3.7.1/jquery-3.7.1.jar:/Users/judemichaela.francia/.m2/repository/commons-io/commons-io/2.16.1/commons-io-2.16.1.jar:/Users/judemichaela.francia/.m2/repository/org/apache/maven/plugins/maven-failsafe-plugin/3.3.1/maven-failsafe-plugin-3.3.1.jar:/Users/judemichaela.francia/.m2/repository/org/apache/maven/surefire/surefire-api/3.3.1/surefire-api-3.3.1.jar:/Users/judemichaela.francia/.m2/repository/org/apache/maven/surefire/surefire-logger-api/3.3.1/surefire-logger-api-3.3.1.jar:/Users/judemichaela.francia/.m2/repository/org/apache/maven/surefire/surefire-booter/3.3.1/surefire-booter-3.3.1.jar:/Users/judemichaela.francia/.m2/repository/org/apache/maven/surefire/surefire-extensions-spi/3.3.1/surefire-extensions-spi-3.3.1.jar:/Users/judemichaela.francia/.m2/repository/org/apache/maven/surefire/surefire-extensions-api/3.3.1/surefire-extensions-api-3.3.1.jar:/Users/judemichaela.francia/.m2/repository/org/apache/maven/surefire/surefire-shared-utils/3.3.1/surefire-shared-utils-3.3.1.jar:/Users/judemichaela.francia/.m2/repository/org/apache/maven/surefire/maven-surefire-common/3.3.1/maven-surefire-common-3.3.1.jar:/Users/judemichaela.francia/.m2/repository/org/apache/maven/resolver/maven-resolver-util/1.4.1/maven-resolver-util-1.4.1.jar:/Users/judemichaela.francia/.m2/repository/org/apache/maven/resolver/maven-resolver-api/1.4.1/maven-resolver-api-1.4.1.jar:/Users/judemichaela.francia/.m2/repository/org/apache/maven/shared/maven-common-artifact-filters/3.4.0/maven-common-artifact-filters-3.4.0.jar:/Users/judemichaela.francia/.m2/repository/org/codehaus/plexus/plexus-java/1.2.0/plexus-java-1.2.0.jar:/Users/judemichaela.francia/.m2/repository/org/ow2/asm/asm/9.6/asm-9.6.jar:/Users/judemichaela.francia/.m2/repository/com/thoughtworks/qdox/qdox/2.0.3/qdox-2.0.3.jar:/Users/judemichaela.francia/.m2/repository/org/apache/maven/plugins/maven-surefire-plugin/3.3.1/maven-surefire-plugin-3.3.1.jar:"/>
    <property name="sun.cpu.endian" value="little"/>
    <property name="user.home" value="/Users/judemichaela.francia"/>
    <property name="user.language" value="en"/>
    <property name="java.specification.vendor" value="Oracle Corporation"/>
    <property name="java.version.date" value="2024-09-17"/>
    <property name="java.home" value="/opt/homebrew/Cellar/openjdk/23/libexec/openjdk.jdk/Contents/Home"/>
    <property name="file.separator" value="/"/>
    <property name="basedir" value="/Users/judemichaela.francia/Desktop/CODES/Automation Testing MAC/Selenium JAva/Coffee-Cart-App-AutomationPractice"/>
    <property name="java.vm.compressedOopsMode" value="Zero based"/>
    <property name="line.separator" value="&#10;"/>
    <property name="java.vm.specification.vendor" value="Oracle Corporation"/>
    <property name="java.specification.name" value="Java Platform API Specification"/>
    <property name="apple.awt.application.name" value="ForkedBooter"/>
    <property name="surefire.real.class.path" value="/Users/judemichaela.francia/Desktop/CODES/Automation Testing MAC/Selenium JAva/Coffee-Cart-App-AutomationPractice/target/surefire/surefirebooter274887910594767774.jar"/>
    <property name="sun.management.compiler" value="HotSpot 64-Bit Tiered Compilers"/>
    <property name="ftp.nonProxyHosts" value="local|*.local|169.254/16|*.169.254/16"/>
    <property name="java.runtime.version" value="23"/>
    <property name="user.name" value="judemichaela.francia"/>
    <property name="stdout.encoding" value="UTF-8"/>
    <property name="path.separator" value=":"/>
    <property name="os.version" value="15.1"/>
    <property name="java.runtime.name" value="OpenJDK Runtime Environment"/>
    <property name="file.encoding" value="UTF-8"/>
    <property name="java.vm.name" value="OpenJDK 64-Bit Server VM"/>
    <property name="java.vendor.version" value="Homebrew"/>
    <property name="localRepository" value="/Users/judemichaela.francia/.m2/repository"/>
    <property name="java.vendor.url.bug" value="https://github.com/Homebrew/homebrew-core/issues"/>
    <property name="java.io.tmpdir" value="/var/folders/3h/0xcxpmcd1x5crsxw6r96p6680000gn/T/"/>
    <property name="java.version" value="23"/>
    <property name="user.dir" value="/Users/judemichaela.francia/Desktop/CODES/Automation Testing MAC/Selenium JAva/Coffee-Cart-App-AutomationPractice"/>
    <property name="os.arch" value="aarch64"/>
    <property name="java.vm.specification.name" value="Java Virtual Machine Specification"/>
    <property name="native.encoding" value="UTF-8"/>
    <property name="java.library.path" value="/Users/judemichaela.francia/Library/Java/Extensions:/Library/Java/Extensions:/Network/Library/Java/Extensions:/System/Library/Java/Extensions:/usr/lib/java:."/>
    <property name="java.vm.info" value="mixed mode, sharing"/>
    <property name="stderr.encoding" value="UTF-8"/>
    <property name="java.vendor" value="Homebrew"/>
    <property name="java.vm.version" value="23"/>
    <property name="sun.io.unicode.encoding" value="UnicodeBig"/>
    <property name="socksNonProxyHosts" value="local|*.local|169.254/16|*.169.254/16"/>
    <property name="java.class.version" value="67.0"/>
  </properties>
  <testcase name="setUpClass" classname="com.example.coffee_cart_app.testMethods.TestRunner" time="0.288">
    <failure message="You&apos;re not allowed to extend classes that define Step Definitions or hooks. class com.example.coffee_cart_app.testMethods.menuPage extends class com.example.coffee_cart_app.utilityMethods.cofeeCartAppUtilityMethods" type="io.cucumber.java.InvalidMethodException">io.cucumber.java.InvalidMethodException: You're not allowed to extend classes that define Step Definitions or hooks. class com.example.coffee_cart_app.testMethods.menuPage extends class com.example.coffee_cart_app.utilityMethods.cofeeCartAppUtilityMethods
</failure>
    <system-out><![CDATA[Configuring TestNG with: TestNG60Configurator
]]></system-out>
    <system-err><![CDATA[SLF4J(W): No SLF4J providers were found.
SLF4J(W): Defaulting to no-operation (NOP) logger implementation
SLF4J(W): See https://www.slf4j.org/codes.html#noProviders for further details.
]]></system-err>
  </testcase>
</testsuite>