<?xml version="1.0" encoding="UTF-8"?>
<testsuite xmlns:xsi="http://www.w3.org/2001/XMLSchema-instance" xsi:noNamespaceSchemaLocation="https://maven.apache.org/surefire/maven-surefire-plugin/xsd/surefire-test-report-3.0.xsd" version="3.0" name="TestSuite" time="15.554" tests="31" errors="0" skipped="21" failures="1">
  <properties>
    <property name="java.specification.version" value="22"/>
    <property name="sun.cpu.isalist" value="amd64"/>
    <property name="sun.jnu.encoding" value="Cp1252"/>
    <property name="java.class.path" value="G:\CODES SA SSD\Automation things\Selenium\cucumbertestng\target\test-classes;G:\CODES SA SSD\Automation things\Selenium\cucumbertestng\target\classes;C:\Users\jafrn\.m2\repository\io\qameta\allure\allure-maven\2.8\allure-maven-2.8.jar;C:\Users\jafrn\.m2\repository\org\apache\httpcomponents\httpclient\4.5.3\httpclient-4.5.3.jar;C:\Users\jafrn\.m2\repository\org\apache\httpcomponents\httpcore\4.4.6\httpcore-4.4.6.jar;C:\Users\jafrn\.m2\repository\commons-logging\commons-logging\1.2\commons-logging-1.2.jar;C:\Users\jafrn\.m2\repository\commons-codec\commons-codec\1.9\commons-codec-1.9.jar;C:\Users\jafrn\.m2\repository\org\apache\maven\maven-core\3.3.9\maven-core-3.3.9.jar;C:\Users\jafrn\.m2\repository\org\apache\maven\maven-model\3.3.9\maven-model-3.3.9.jar;C:\Users\jafrn\.m2\repository\org\apache\maven\maven-settings\3.3.9\maven-settings-3.3.9.jar;C:\Users\jafrn\.m2\repository\org\apache\maven\maven-settings-builder\3.3.9\maven-settings-builder-3.3.9.jar;C:\Users\jafrn\.m2\repository\org\apache\maven\maven-builder-support\3.3.9\maven-builder-support-3.3.9.jar;C:\Users\jafrn\.m2\repository\org\apache\maven\maven-repository-metadata\3.3.9\maven-repository-metadata-3.3.9.jar;C:\Users\jafrn\.m2\repository\org\apache\maven\maven-artifact\3.3.9\maven-artifact-3.3.9.jar;C:\Users\jafrn\.m2\repository\org\apache\maven\maven-plugin-api\3.3.9\maven-plugin-api-3.3.9.jar;C:\Users\jafrn\.m2\repository\org\apache\maven\maven-model-builder\3.3.9\maven-model-builder-3.3.9.jar;C:\Users\jafrn\.m2\repository\org\apache\maven\maven-aether-provider\3.3.9\maven-aether-provider-3.3.9.jar;C:\Users\jafrn\.m2\repository\org\eclipse\aether\aether-spi\1.0.2.v20150114\aether-spi-1.0.2.v20150114.jar;C:\Users\jafrn\.m2\repository\org\eclipse\aether\aether-impl\1.0.2.v20150114\aether-impl-1.0.2.v20150114.jar;C:\Users\jafrn\.m2\repository\org\eclipse\aether\aether-api\1.0.2.v20150114\aether-api-1.0.2.v20150114.jar;C:\Users\jafrn\.m2\repository\org\eclipse\aether\aether-util\1.0.2.v20150114\aether-util-1.0.2.v20150114.jar;C:\Users\jafrn\.m2\repository\org\eclipse\sisu\org.eclipse.sisu.plexus\0.3.2\org.eclipse.sisu.plexus-0.3.2.jar;C:\Users\jafrn\.m2\repository\javax\enterprise\cdi-api\1.0\cdi-api-1.0.jar;C:\Users\jafrn\.m2\repository\javax\annotation\jsr250-api\1.0\jsr250-api-1.0.jar;C:\Users\jafrn\.m2\repository\org\eclipse\sisu\org.eclipse.sisu.inject\0.3.2\org.eclipse.sisu.inject-0.3.2.jar;C:\Users\jafrn\.m2\repository\com\google\inject\guice\4.0\guice-4.0-no_aop.jar;C:\Users\jafrn\.m2\repository\javax\inject\javax.inject\1\javax.inject-1.jar;C:\Users\jafrn\.m2\repository\aopalliance\aopalliance\1.0\aopalliance-1.0.jar;C:\Users\jafrn\.m2\repository\org\codehaus\plexus\plexus-interpolation\1.21\plexus-interpolation-1.21.jar;C:\Users\jafrn\.m2\repository\org\codehaus\plexus\plexus-utils\3.0.22\plexus-utils-3.0.22.jar;C:\Users\jafrn\.m2\repository\org\codehaus\plexus\plexus-classworlds\2.5.2\plexus-classworlds-2.5.2.jar;C:\Users\jafrn\.m2\repository\org\codehaus\plexus\plexus-component-annotations\1.6\plexus-component-annotations-1.6.jar;C:\Users\jafrn\.m2\repository\org\sonatype\plexus\plexus-sec-dispatcher\1.3\plexus-sec-dispatcher-1.3.jar;C:\Users\jafrn\.m2\repository\org\sonatype\plexus\plexus-cipher\1.4\plexus-cipher-1.4.jar;C:\Users\jafrn\.m2\repository\org\apache\commons\commons-lang3\3.4\commons-lang3-3.4.jar;C:\Users\jafrn\.m2\repository\org\apache\maven\reporting\maven-reporting-impl\2.4\maven-reporting-impl-2.4.jar;C:\Users\jafrn\.m2\repository\org\apache\maven\reporting\maven-reporting-api\3.0\maven-reporting-api-3.0.jar;C:\Users\jafrn\.m2\repository\org\apache\maven\maven-project\2.2.1\maven-project-2.2.1.jar;C:\Users\jafrn\.m2\repository\org\apache\maven\maven-profile\2.2.1\maven-profile-2.2.1.jar;C:\Users\jafrn\.m2\repository\org\apache\maven\maven-artifact-manager\2.2.1\maven-artifact-manager-2.2.1.jar;C:\Users\jafrn\.m2\repository\backport-util-concurrent\backport-util-concurrent\3.1\backport-util-concurrent-3.1.jar;C:\Users\jafrn\.m2\repository\org\apache\maven\maven-plugin-registry\2.2.1\maven-plugin-registry-2.2.1.jar;C:\Users\jafrn\.m2\repository\org\codehaus\plexus\plexus-container-default\1.0-alpha-9-stable-1\plexus-container-default-1.0-alpha-9-stable-1.jar;C:\Users\jafrn\.m2\repository\junit\junit\3.8.1\junit-3.8.1.jar;C:\Users\jafrn\.m2\repository\classworlds\classworlds\1.1-alpha-2\classworlds-1.1-alpha-2.jar;C:\Users\jafrn\.m2\repository\org\apache\maven\shared\maven-shared-utils\0.6\maven-shared-utils-0.6.jar;C:\Users\jafrn\.m2\repository\com\google\code\findbugs\jsr305\2.0.1\jsr305-2.0.1.jar;C:\Users\jafrn\.m2\repository\org\apache\maven\doxia\doxia-sink-api\1.6\doxia-sink-api-1.6.jar;C:\Users\jafrn\.m2\repository\org\apache\maven\doxia\doxia-logging-api\1.6\doxia-logging-api-1.6.jar;C:\Users\jafrn\.m2\repository\org\apache\maven\doxia\doxia-core\1.6\doxia-core-1.6.jar;C:\Users\jafrn\.m2\repository\xerces\xercesImpl\2.9.1\xercesImpl-2.9.1.jar;C:\Users\jafrn\.m2\repository\commons-lang\commons-lang\2.4\commons-lang-2.4.jar;C:\Users\jafrn\.m2\repository\xmlunit\xmlunit\1.5\xmlunit-1.5.jar;C:\Users\jafrn\.m2\repository\org\apache\maven\doxia\doxia-site-renderer\1.6\doxia-site-renderer-1.6.jar;C:\Users\jafrn\.m2\repository\org\apache\maven\doxia\doxia-decoration-model\1.6\doxia-decoration-model-1.6.jar;C:\Users\jafrn\.m2\repository\org\apache\maven\doxia\doxia-module-xhtml\1.6\doxia-module-xhtml-1.6.jar;C:\Users\jafrn\.m2\repository\org\apache\maven\doxia\doxia-module-fml\1.6\doxia-module-fml-1.6.jar;C:\Users\jafrn\.m2\repository\org\codehaus\plexus\plexus-i18n\1.0-beta-7\plexus-i18n-1.0-beta-7.jar;C:\Users\jafrn\.m2\repository\org\codehaus\plexus\plexus-velocity\1.1.7\plexus-velocity-1.1.7.jar;C:\Users\jafrn\.m2\repository\org\apache\velocity\velocity-tools\2.0\velocity-tools-2.0.jar;C:\Users\jafrn\.m2\repository\commons-chain\commons-chain\1.1\commons-chain-1.1.jar;C:\Users\jafrn\.m2\repository\dom4j\dom4j\1.1\dom4j-1.1.jar;C:\Users\jafrn\.m2\repository\sslext\sslext\1.2-0\sslext-1.2-0.jar;C:\Users\jafrn\.m2\repository\org\apache\struts\struts-core\1.3.8\struts-core-1.3.8.jar;C:\Users\jafrn\.m2\repository\antlr\antlr\2.7.2\antlr-2.7.2.jar;C:\Users\jafrn\.m2\repository\org\apache\struts\struts-taglib\1.3.8\struts-taglib-1.3.8.jar;C:\Users\jafrn\.m2\repository\org\apache\struts\struts-tiles\1.3.8\struts-tiles-1.3.8.jar;C:\Users\jafrn\.m2\repository\commons-validator\commons-validator\1.4.1\commons-validator-1.4.1.jar;C:\Users\jafrn\.m2\repository\commons-digester\commons-digester\1.8.1\commons-digester-1.8.1.jar;C:\Users\jafrn\.m2\repository\commons-beanutils\commons-beanutils\1.9.3\commons-beanutils-1.9.3.jar;C:\Users\jafrn\.m2\repository\commons-collections\commons-collections\3.2.2\commons-collections-3.2.2.jar;C:\Users\jafrn\.m2\repository\net\lingala\zip4j\zip4j\1.3.2\zip4j-1.3.2.jar;C:\Users\jafrn\.m2\repository\org\apache\commons\commons-exec\1.3\commons-exec-1.3.jar;C:\Users\jafrn\.m2\repository\org\apache\maven\plugin-tools\maven-plugin-annotations\3.2\maven-plugin-annotations-3.2.jar;C:\Users\jafrn\.m2\repository\org\apache\maven\plugins\maven-jxr-plugin\2.5\maven-jxr-plugin-2.5.jar;C:\Users\jafrn\.m2\repository\org\apache\velocity\velocity\1.5\velocity-1.5.jar;C:\Users\jafrn\.m2\repository\oro\oro\2.0.8\oro-2.0.8.jar;C:\Users\jafrn\.m2\repository\org\apache\maven\maven-jxr\2.5\maven-jxr-2.5.jar;C:\Users\jafrn\.m2\repository\org\apache\maven\wagon\wagon-provider-api\1.0\wagon-provider-api-1.0.jar;C:\Users\jafrn\.m2\repository\xml-apis\xml-apis\1.0.b2\xml-apis-1.0.b2.jar;C:\Users\jafrn\.m2\repository\xalan\xalan\2.7.0\xalan-2.7.0.jar;C:\Users\jafrn\.m2\repository\org\uncommons\reportng\1.1.4\reportng-1.1.4.jar;C:\Users\jafrn\.m2\repository\velocity\velocity\1.4\velocity-1.4.jar;C:\Users\jafrn\.m2\repository\velocity\velocity-dep\1.4\velocity-dep-1.4.jar;C:\Users\jafrn\.m2\repository\org\slf4j\slf4j-api\2.0.16\slf4j-api-2.0.16.jar;C:\Users\jafrn\.m2\repository\org\seleniumhq\selenium\selenium-java\4.25.0\selenium-java-4.25.0.jar;C:\Users\jafrn\.m2\repository\org\seleniumhq\selenium\selenium-api\4.25.0\selenium-api-4.25.0.jar;C:\Users\jafrn\.m2\repository\org\jspecify\jspecify\1.0.0\jspecify-1.0.0.jar;C:\Users\jafrn\.m2\repository\org\seleniumhq\selenium\selenium-chrome-driver\4.25.0\selenium-chrome-driver-4.25.0.jar;C:\Users\jafrn\.m2\repository\com\google\auto\service\auto-service-annotations\1.1.1\auto-service-annotations-1.1.1.jar;C:\Users\jafrn\.m2\repository\org\seleniumhq\selenium\selenium-chromium-driver\4.25.0\selenium-chromium-driver-4.25.0.jar;C:\Users\jafrn\.m2\repository\org\seleniumhq\selenium\selenium-json\4.25.0\selenium-json-4.25.0.jar;C:\Users\jafrn\.m2\repository\org\seleniumhq\selenium\selenium-manager\4.25.0\selenium-manager-4.25.0.jar;C:\Users\jafrn\.m2\repository\org\seleniumhq\selenium\selenium-devtools-v127\4.25.0\selenium-devtools-v127-4.25.0.jar;C:\Users\jafrn\.m2\repository\org\seleniumhq\selenium\selenium-devtools-v128\4.25.0\selenium-devtools-v128-4.25.0.jar;C:\Users\jafrn\.m2\repository\org\seleniumhq\selenium\selenium-devtools-v129\4.25.0\selenium-devtools-v129-4.25.0.jar;C:\Users\jafrn\.m2\repository\org\seleniumhq\selenium\selenium-devtools-v85\4.25.0\selenium-devtools-v85-4.25.0.jar;C:\Users\jafrn\.m2\repository\org\seleniumhq\selenium\selenium-edge-driver\4.25.0\selenium-edge-driver-4.25.0.jar;C:\Users\jafrn\.m2\repository\org\seleniumhq\selenium\selenium-firefox-driver\4.25.0\selenium-firefox-driver-4.25.0.jar;C:\Users\jafrn\.m2\repository\org\seleniumhq\selenium\selenium-http\4.25.0\selenium-http-4.25.0.jar;C:\Users\jafrn\.m2\repository\dev\failsafe\failsafe\3.3.2\failsafe-3.3.2.jar;C:\Users\jafrn\.m2\repository\org\seleniumhq\selenium\selenium-ie-driver\4.25.0\selenium-ie-driver-4.25.0.jar;C:\Users\jafrn\.m2\repository\org\seleniumhq\selenium\selenium-remote-driver\4.25.0\selenium-remote-driver-4.25.0.jar;C:\Users\jafrn\.m2\repository\com\google\guava\guava\33.3.0-jre\guava-33.3.0-jre.jar;C:\Users\jafrn\.m2\repository\com\google\guava\failureaccess\1.0.2\failureaccess-1.0.2.jar;C:\Users\jafrn\.m2\repository\com\google\guava\listenablefuture\9999.0-empty-to-avoid-conflict-with-guava\listenablefuture-9999.0-empty-to-avoid-conflict-with-guava.jar;C:\Users\jafrn\.m2\repository\org\checkerframework\checker-qual\3.43.0\checker-qual-3.43.0.jar;C:\Users\jafrn\.m2\repository\com\google\errorprone\error_prone_annotations\2.28.0\error_prone_annotations-2.28.0.jar;C:\Users\jafrn\.m2\repository\com\google\j2objc\j2objc-annotations\3.0.0\j2objc-annotations-3.0.0.jar;C:\Users\jafrn\.m2\repository\io\opentelemetry\semconv\opentelemetry-semconv\1.25.0-alpha\opentelemetry-semconv-1.25.0-alpha.jar;C:\Users\jafrn\.m2\repository\io\opentelemetry\opentelemetry-api\1.42.1\opentelemetry-api-1.42.1.jar;C:\Users\jafrn\.m2\repository\io\opentelemetry\opentelemetry-context\1.42.1\opentelemetry-context-1.42.1.jar;C:\Users\jafrn\.m2\repository\io\opentelemetry\opentelemetry-exporter-logging\1.42.1\opentelemetry-exporter-logging-1.42.1.jar;C:\Users\jafrn\.m2\repository\io\opentelemetry\opentelemetry-sdk-common\1.42.1\opentelemetry-sdk-common-1.42.1.jar;C:\Users\jafrn\.m2\repository\io\opentelemetry\opentelemetry-sdk-extension-autoconfigure-spi\1.42.1\opentelemetry-sdk-extension-autoconfigure-spi-1.42.1.jar;C:\Users\jafrn\.m2\repository\io\opentelemetry\opentelemetry-sdk-extension-autoconfigure\1.42.1\opentelemetry-sdk-extension-autoconfigure-1.42.1.jar;C:\Users\jafrn\.m2\repository\io\opentelemetry\opentelemetry-api-incubator\1.42.1-alpha\opentelemetry-api-incubator-1.42.1-alpha.jar;C:\Users\jafrn\.m2\repository\io\opentelemetry\opentelemetry-sdk-trace\1.42.1\opentelemetry-sdk-trace-1.42.1.jar;C:\Users\jafrn\.m2\repository\io\opentelemetry\opentelemetry-sdk\1.42.1\opentelemetry-sdk-1.42.1.jar;C:\Users\jafrn\.m2\repository\io\opentelemetry\opentelemetry-sdk-metrics\1.42.1\opentelemetry-sdk-metrics-1.42.1.jar;C:\Users\jafrn\.m2\repository\io\opentelemetry\opentelemetry-sdk-logs\1.42.1\opentelemetry-sdk-logs-1.42.1.jar;C:\Users\jafrn\.m2\repository\net\bytebuddy\byte-buddy\1.15.1\byte-buddy-1.15.1.jar;C:\Users\jafrn\.m2\repository\org\seleniumhq\selenium\selenium-os\4.25.0\selenium-os-4.25.0.jar;C:\Users\jafrn\.m2\repository\org\seleniumhq\selenium\selenium-safari-driver\4.25.0\selenium-safari-driver-4.25.0.jar;C:\Users\jafrn\.m2\repository\org\seleniumhq\selenium\selenium-support\4.25.0\selenium-support-4.25.0.jar;C:\Users\jafrn\.m2\repository\org\testng\testng\7.10.2\testng-7.10.2.jar;C:\Users\jafrn\.m2\repository\com\beust\jcommander\1.82\jcommander-1.82.jar;C:\Users\jafrn\.m2\repository\org\webjars\jquery\3.7.1\jquery-3.7.1.jar;C:\Users\jafrn\.m2\repository\commons-io\commons-io\2.16.1\commons-io-2.16.1.jar;C:\Users\jafrn\.m2\repository\org\apache\maven\plugins\maven-failsafe-plugin\3.3.1\maven-failsafe-plugin-3.3.1.jar;C:\Users\jafrn\.m2\repository\org\apache\maven\surefire\surefire-api\3.3.1\surefire-api-3.3.1.jar;C:\Users\jafrn\.m2\repository\org\apache\maven\surefire\surefire-logger-api\3.3.1\surefire-logger-api-3.3.1.jar;C:\Users\jafrn\.m2\repository\org\apache\maven\surefire\surefire-booter\3.3.1\surefire-booter-3.3.1.jar;C:\Users\jafrn\.m2\repository\org\apache\maven\surefire\surefire-extensions-spi\3.3.1\surefire-extensions-spi-3.3.1.jar;C:\Users\jafrn\.m2\repository\org\apache\maven\surefire\surefire-extensions-api\3.3.1\surefire-extensions-api-3.3.1.jar;C:\Users\jafrn\.m2\repository\org\apache\maven\surefire\surefire-shared-utils\3.3.1\surefire-shared-utils-3.3.1.jar;C:\Users\jafrn\.m2\repository\org\apache\maven\surefire\maven-surefire-common\3.3.1\maven-surefire-common-3.3.1.jar;C:\Users\jafrn\.m2\repository\org\apache\maven\resolver\maven-resolver-util\1.4.1\maven-resolver-util-1.4.1.jar;C:\Users\jafrn\.m2\repository\org\apache\maven\resolver\maven-resolver-api\1.4.1\maven-resolver-api-1.4.1.jar;C:\Users\jafrn\.m2\repository\org\apache\maven\shared\maven-common-artifact-filters\3.4.0\maven-common-artifact-filters-3.4.0.jar;C:\Users\jafrn\.m2\repository\org\codehaus\plexus\plexus-java\1.2.0\plexus-java-1.2.0.jar;C:\Users\jafrn\.m2\repository\org\ow2\asm\asm\9.6\asm-9.6.jar;C:\Users\jafrn\.m2\repository\com\thoughtworks\qdox\qdox\2.0.3\qdox-2.0.3.jar;C:\Users\jafrn\.m2\repository\org\slf4j\slf4j-simple\2.0.16\slf4j-simple-2.0.16.jar;"/>
    <property name="java.vm.vendor" value="Oracle Corporation"/>
    <property name="sun.arch.data.model" value="64"/>
    <property name="user.variant" value=""/>
    <property name="java.vendor.url" value="https://java.oracle.com/"/>
    <property name="user.timezone" value="Asia/Manila"/>
    <property name="os.name" value="Windows 11"/>
    <property name="java.vm.specification.version" value="22"/>
    <property name="sun.java.launcher" value="SUN_STANDARD"/>
    <property name="user.country" value="US"/>
    <property name="sun.boot.library.path" value="C:\Program Files\Java\jdk-22\bin"/>
    <property name="sun.java.command" value="C:\Users\jafrn\AppData\Local\Temp\surefire14455173029529265602\surefirebooter-20241015221904792_3.jar C:\Users\jafrn\AppData\Local\Temp\surefire14455173029529265602 2024-10-15T22-19-04_568-jvmRun1 surefire-20241015221904792_1tmp surefire_0-20241015221904792_2tmp"/>
    <property name="jdk.debug" value="release"/>
    <property name="surefire.test.class.path" value="G:\CODES SA SSD\Automation things\Selenium\cucumbertestng\target\test-classes;G:\CODES SA SSD\Automation things\Selenium\cucumbertestng\target\classes;C:\Users\jafrn\.m2\repository\io\qameta\allure\allure-maven\2.8\allure-maven-2.8.jar;C:\Users\jafrn\.m2\repository\org\apache\httpcomponents\httpclient\4.5.3\httpclient-4.5.3.jar;C:\Users\jafrn\.m2\repository\org\apache\httpcomponents\httpcore\4.4.6\httpcore-4.4.6.jar;C:\Users\jafrn\.m2\repository\commons-logging\commons-logging\1.2\commons-logging-1.2.jar;C:\Users\jafrn\.m2\repository\commons-codec\commons-codec\1.9\commons-codec-1.9.jar;C:\Users\jafrn\.m2\repository\org\apache\maven\maven-core\3.3.9\maven-core-3.3.9.jar;C:\Users\jafrn\.m2\repository\org\apache\maven\maven-model\3.3.9\maven-model-3.3.9.jar;C:\Users\jafrn\.m2\repository\org\apache\maven\maven-settings\3.3.9\maven-settings-3.3.9.jar;C:\Users\jafrn\.m2\repository\org\apache\maven\maven-settings-builder\3.3.9\maven-settings-builder-3.3.9.jar;C:\Users\jafrn\.m2\repository\org\apache\maven\maven-builder-support\3.3.9\maven-builder-support-3.3.9.jar;C:\Users\jafrn\.m2\repository\org\apache\maven\maven-repository-metadata\3.3.9\maven-repository-metadata-3.3.9.jar;C:\Users\jafrn\.m2\repository\org\apache\maven\maven-artifact\3.3.9\maven-artifact-3.3.9.jar;C:\Users\jafrn\.m2\repository\org\apache\maven\maven-plugin-api\3.3.9\maven-plugin-api-3.3.9.jar;C:\Users\jafrn\.m2\repository\org\apache\maven\maven-model-builder\3.3.9\maven-model-builder-3.3.9.jar;C:\Users\jafrn\.m2\repository\org\apache\maven\maven-aether-provider\3.3.9\maven-aether-provider-3.3.9.jar;C:\Users\jafrn\.m2\repository\org\eclipse\aether\aether-spi\1.0.2.v20150114\aether-spi-1.0.2.v20150114.jar;C:\Users\jafrn\.m2\repository\org\eclipse\aether\aether-impl\1.0.2.v20150114\aether-impl-1.0.2.v20150114.jar;C:\Users\jafrn\.m2\repository\org\eclipse\aether\aether-api\1.0.2.v20150114\aether-api-1.0.2.v20150114.jar;C:\Users\jafrn\.m2\repository\org\eclipse\aether\aether-util\1.0.2.v20150114\aether-util-1.0.2.v20150114.jar;C:\Users\jafrn\.m2\repository\org\eclipse\sisu\org.eclipse.sisu.plexus\0.3.2\org.eclipse.sisu.plexus-0.3.2.jar;C:\Users\jafrn\.m2\repository\javax\enterprise\cdi-api\1.0\cdi-api-1.0.jar;C:\Users\jafrn\.m2\repository\javax\annotation\jsr250-api\1.0\jsr250-api-1.0.jar;C:\Users\jafrn\.m2\repository\org\eclipse\sisu\org.eclipse.sisu.inject\0.3.2\org.eclipse.sisu.inject-0.3.2.jar;C:\Users\jafrn\.m2\repository\com\google\inject\guice\4.0\guice-4.0-no_aop.jar;C:\Users\jafrn\.m2\repository\javax\inject\javax.inject\1\javax.inject-1.jar;C:\Users\jafrn\.m2\repository\aopalliance\aopalliance\1.0\aopalliance-1.0.jar;C:\Users\jafrn\.m2\repository\org\codehaus\plexus\plexus-interpolation\1.21\plexus-interpolation-1.21.jar;C:\Users\jafrn\.m2\repository\org\codehaus\plexus\plexus-utils\3.0.22\plexus-utils-3.0.22.jar;C:\Users\jafrn\.m2\repository\org\codehaus\plexus\plexus-classworlds\2.5.2\plexus-classworlds-2.5.2.jar;C:\Users\jafrn\.m2\repository\org\codehaus\plexus\plexus-component-annotations\1.6\plexus-component-annotations-1.6.jar;C:\Users\jafrn\.m2\repository\org\sonatype\plexus\plexus-sec-dispatcher\1.3\plexus-sec-dispatcher-1.3.jar;C:\Users\jafrn\.m2\repository\org\sonatype\plexus\plexus-cipher\1.4\plexus-cipher-1.4.jar;C:\Users\jafrn\.m2\repository\org\apache\commons\commons-lang3\3.4\commons-lang3-3.4.jar;C:\Users\jafrn\.m2\repository\org\apache\maven\reporting\maven-reporting-impl\2.4\maven-reporting-impl-2.4.jar;C:\Users\jafrn\.m2\repository\org\apache\maven\reporting\maven-reporting-api\3.0\maven-reporting-api-3.0.jar;C:\Users\jafrn\.m2\repository\org\apache\maven\maven-project\2.2.1\maven-project-2.2.1.jar;C:\Users\jafrn\.m2\repository\org\apache\maven\maven-profile\2.2.1\maven-profile-2.2.1.jar;C:\Users\jafrn\.m2\repository\org\apache\maven\maven-artifact-manager\2.2.1\maven-artifact-manager-2.2.1.jar;C:\Users\jafrn\.m2\repository\backport-util-concurrent\backport-util-concurrent\3.1\backport-util-concurrent-3.1.jar;C:\Users\jafrn\.m2\repository\org\apache\maven\maven-plugin-registry\2.2.1\maven-plugin-registry-2.2.1.jar;C:\Users\jafrn\.m2\repository\org\codehaus\plexus\plexus-container-default\1.0-alpha-9-stable-1\plexus-container-default-1.0-alpha-9-stable-1.jar;C:\Users\jafrn\.m2\repository\junit\junit\3.8.1\junit-3.8.1.jar;C:\Users\jafrn\.m2\repository\classworlds\classworlds\1.1-alpha-2\classworlds-1.1-alpha-2.jar;C:\Users\jafrn\.m2\repository\org\apache\maven\shared\maven-shared-utils\0.6\maven-shared-utils-0.6.jar;C:\Users\jafrn\.m2\repository\com\google\code\findbugs\jsr305\2.0.1\jsr305-2.0.1.jar;C:\Users\jafrn\.m2\repository\org\apache\maven\doxia\doxia-sink-api\1.6\doxia-sink-api-1.6.jar;C:\Users\jafrn\.m2\repository\org\apache\maven\doxia\doxia-logging-api\1.6\doxia-logging-api-1.6.jar;C:\Users\jafrn\.m2\repository\org\apache\maven\doxia\doxia-core\1.6\doxia-core-1.6.jar;C:\Users\jafrn\.m2\repository\xerces\xercesImpl\2.9.1\xercesImpl-2.9.1.jar;C:\Users\jafrn\.m2\repository\commons-lang\commons-lang\2.4\commons-lang-2.4.jar;C:\Users\jafrn\.m2\repository\xmlunit\xmlunit\1.5\xmlunit-1.5.jar;C:\Users\jafrn\.m2\repository\org\apache\maven\doxia\doxia-site-renderer\1.6\doxia-site-renderer-1.6.jar;C:\Users\jafrn\.m2\repository\org\apache\maven\doxia\doxia-decoration-model\1.6\doxia-decoration-model-1.6.jar;C:\Users\jafrn\.m2\repository\org\apache\maven\doxia\doxia-module-xhtml\1.6\doxia-module-xhtml-1.6.jar;C:\Users\jafrn\.m2\repository\org\apache\maven\doxia\doxia-module-fml\1.6\doxia-module-fml-1.6.jar;C:\Users\jafrn\.m2\repository\org\codehaus\plexus\plexus-i18n\1.0-beta-7\plexus-i18n-1.0-beta-7.jar;C:\Users\jafrn\.m2\repository\org\codehaus\plexus\plexus-velocity\1.1.7\plexus-velocity-1.1.7.jar;C:\Users\jafrn\.m2\repository\org\apache\velocity\velocity-tools\2.0\velocity-tools-2.0.jar;C:\Users\jafrn\.m2\repository\commons-chain\commons-chain\1.1\commons-chain-1.1.jar;C:\Users\jafrn\.m2\repository\dom4j\dom4j\1.1\dom4j-1.1.jar;C:\Users\jafrn\.m2\repository\sslext\sslext\1.2-0\sslext-1.2-0.jar;C:\Users\jafrn\.m2\repository\org\apache\struts\struts-core\1.3.8\struts-core-1.3.8.jar;C:\Users\jafrn\.m2\repository\antlr\antlr\2.7.2\antlr-2.7.2.jar;C:\Users\jafrn\.m2\repository\org\apache\struts\struts-taglib\1.3.8\struts-taglib-1.3.8.jar;C:\Users\jafrn\.m2\repository\org\apache\struts\struts-tiles\1.3.8\struts-tiles-1.3.8.jar;C:\Users\jafrn\.m2\repository\commons-validator\commons-validator\1.4.1\commons-validator-1.4.1.jar;C:\Users\jafrn\.m2\repository\commons-digester\commons-digester\1.8.1\commons-digester-1.8.1.jar;C:\Users\jafrn\.m2\repository\commons-beanutils\commons-beanutils\1.9.3\commons-beanutils-1.9.3.jar;C:\Users\jafrn\.m2\repository\commons-collections\commons-collections\3.2.2\commons-collections-3.2.2.jar;C:\Users\jafrn\.m2\repository\net\lingala\zip4j\zip4j\1.3.2\zip4j-1.3.2.jar;C:\Users\jafrn\.m2\repository\org\apache\commons\commons-exec\1.3\commons-exec-1.3.jar;C:\Users\jafrn\.m2\repository\org\apache\maven\plugin-tools\maven-plugin-annotations\3.2\maven-plugin-annotations-3.2.jar;C:\Users\jafrn\.m2\repository\org\apache\maven\plugins\maven-jxr-plugin\2.5\maven-jxr-plugin-2.5.jar;C:\Users\jafrn\.m2\repository\org\apache\velocity\velocity\1.5\velocity-1.5.jar;C:\Users\jafrn\.m2\repository\oro\oro\2.0.8\oro-2.0.8.jar;C:\Users\jafrn\.m2\repository\org\apache\maven\maven-jxr\2.5\maven-jxr-2.5.jar;C:\Users\jafrn\.m2\repository\org\apache\maven\wagon\wagon-provider-api\1.0\wagon-provider-api-1.0.jar;C:\Users\jafrn\.m2\repository\xml-apis\xml-apis\1.0.b2\xml-apis-1.0.b2.jar;C:\Users\jafrn\.m2\repository\xalan\xalan\2.7.0\xalan-2.7.0.jar;C:\Users\jafrn\.m2\repository\org\uncommons\reportng\1.1.4\reportng-1.1.4.jar;C:\Users\jafrn\.m2\repository\velocity\velocity\1.4\velocity-1.4.jar;C:\Users\jafrn\.m2\repository\velocity\velocity-dep\1.4\velocity-dep-1.4.jar;C:\Users\jafrn\.m2\repository\org\slf4j\slf4j-api\2.0.16\slf4j-api-2.0.16.jar;C:\Users\jafrn\.m2\repository\org\seleniumhq\selenium\selenium-java\4.25.0\selenium-java-4.25.0.jar;C:\Users\jafrn\.m2\repository\org\seleniumhq\selenium\selenium-api\4.25.0\selenium-api-4.25.0.jar;C:\Users\jafrn\.m2\repository\org\jspecify\jspecify\1.0.0\jspecify-1.0.0.jar;C:\Users\jafrn\.m2\repository\org\seleniumhq\selenium\selenium-chrome-driver\4.25.0\selenium-chrome-driver-4.25.0.jar;C:\Users\jafrn\.m2\repository\com\google\auto\service\auto-service-annotations\1.1.1\auto-service-annotations-1.1.1.jar;C:\Users\jafrn\.m2\repository\org\seleniumhq\selenium\selenium-chromium-driver\4.25.0\selenium-chromium-driver-4.25.0.jar;C:\Users\jafrn\.m2\repository\org\seleniumhq\selenium\selenium-json\4.25.0\selenium-json-4.25.0.jar;C:\Users\jafrn\.m2\repository\org\seleniumhq\selenium\selenium-manager\4.25.0\selenium-manager-4.25.0.jar;C:\Users\jafrn\.m2\repository\org\seleniumhq\selenium\selenium-devtools-v127\4.25.0\selenium-devtools-v127-4.25.0.jar;C:\Users\jafrn\.m2\repository\org\seleniumhq\selenium\selenium-devtools-v128\4.25.0\selenium-devtools-v128-4.25.0.jar;C:\Users\jafrn\.m2\repository\org\seleniumhq\selenium\selenium-devtools-v129\4.25.0\selenium-devtools-v129-4.25.0.jar;C:\Users\jafrn\.m2\repository\org\seleniumhq\selenium\selenium-devtools-v85\4.25.0\selenium-devtools-v85-4.25.0.jar;C:\Users\jafrn\.m2\repository\org\seleniumhq\selenium\selenium-edge-driver\4.25.0\selenium-edge-driver-4.25.0.jar;C:\Users\jafrn\.m2\repository\org\seleniumhq\selenium\selenium-firefox-driver\4.25.0\selenium-firefox-driver-4.25.0.jar;C:\Users\jafrn\.m2\repository\org\seleniumhq\selenium\selenium-http\4.25.0\selenium-http-4.25.0.jar;C:\Users\jafrn\.m2\repository\dev\failsafe\failsafe\3.3.2\failsafe-3.3.2.jar;C:\Users\jafrn\.m2\repository\org\seleniumhq\selenium\selenium-ie-driver\4.25.0\selenium-ie-driver-4.25.0.jar;C:\Users\jafrn\.m2\repository\org\seleniumhq\selenium\selenium-remote-driver\4.25.0\selenium-remote-driver-4.25.0.jar;C:\Users\jafrn\.m2\repository\com\google\guava\guava\33.3.0-jre\guava-33.3.0-jre.jar;C:\Users\jafrn\.m2\repository\com\google\guava\failureaccess\1.0.2\failureaccess-1.0.2.jar;C:\Users\jafrn\.m2\repository\com\google\guava\listenablefuture\9999.0-empty-to-avoid-conflict-with-guava\listenablefuture-9999.0-empty-to-avoid-conflict-with-guava.jar;C:\Users\jafrn\.m2\repository\org\checkerframework\checker-qual\3.43.0\checker-qual-3.43.0.jar;C:\Users\jafrn\.m2\repository\com\google\errorprone\error_prone_annotations\2.28.0\error_prone_annotations-2.28.0.jar;C:\Users\jafrn\.m2\repository\com\google\j2objc\j2objc-annotations\3.0.0\j2objc-annotations-3.0.0.jar;C:\Users\jafrn\.m2\repository\io\opentelemetry\semconv\opentelemetry-semconv\1.25.0-alpha\opentelemetry-semconv-1.25.0-alpha.jar;C:\Users\jafrn\.m2\repository\io\opentelemetry\opentelemetry-api\1.42.1\opentelemetry-api-1.42.1.jar;C:\Users\jafrn\.m2\repository\io\opentelemetry\opentelemetry-context\1.42.1\opentelemetry-context-1.42.1.jar;C:\Users\jafrn\.m2\repository\io\opentelemetry\opentelemetry-exporter-logging\1.42.1\opentelemetry-exporter-logging-1.42.1.jar;C:\Users\jafrn\.m2\repository\io\opentelemetry\opentelemetry-sdk-common\1.42.1\opentelemetry-sdk-common-1.42.1.jar;C:\Users\jafrn\.m2\repository\io\opentelemetry\opentelemetry-sdk-extension-autoconfigure-spi\1.42.1\opentelemetry-sdk-extension-autoconfigure-spi-1.42.1.jar;C:\Users\jafrn\.m2\repository\io\opentelemetry\opentelemetry-sdk-extension-autoconfigure\1.42.1\opentelemetry-sdk-extension-autoconfigure-1.42.1.jar;C:\Users\jafrn\.m2\repository\io\opentelemetry\opentelemetry-api-incubator\1.42.1-alpha\opentelemetry-api-incubator-1.42.1-alpha.jar;C:\Users\jafrn\.m2\repository\io\opentelemetry\opentelemetry-sdk-trace\1.42.1\opentelemetry-sdk-trace-1.42.1.jar;C:\Users\jafrn\.m2\repository\io\opentelemetry\opentelemetry-sdk\1.42.1\opentelemetry-sdk-1.42.1.jar;C:\Users\jafrn\.m2\repository\io\opentelemetry\opentelemetry-sdk-metrics\1.42.1\opentelemetry-sdk-metrics-1.42.1.jar;C:\Users\jafrn\.m2\repository\io\opentelemetry\opentelemetry-sdk-logs\1.42.1\opentelemetry-sdk-logs-1.42.1.jar;C:\Users\jafrn\.m2\repository\net\bytebuddy\byte-buddy\1.15.1\byte-buddy-1.15.1.jar;C:\Users\jafrn\.m2\repository\org\seleniumhq\selenium\selenium-os\4.25.0\selenium-os-4.25.0.jar;C:\Users\jafrn\.m2\repository\org\seleniumhq\selenium\selenium-safari-driver\4.25.0\selenium-safari-driver-4.25.0.jar;C:\Users\jafrn\.m2\repository\org\seleniumhq\selenium\selenium-support\4.25.0\selenium-support-4.25.0.jar;C:\Users\jafrn\.m2\repository\org\testng\testng\7.10.2\testng-7.10.2.jar;C:\Users\jafrn\.m2\repository\com\beust\jcommander\1.82\jcommander-1.82.jar;C:\Users\jafrn\.m2\repository\org\webjars\jquery\3.7.1\jquery-3.7.1.jar;C:\Users\jafrn\.m2\repository\commons-io\commons-io\2.16.1\commons-io-2.16.1.jar;C:\Users\jafrn\.m2\repository\org\apache\maven\plugins\maven-failsafe-plugin\3.3.1\maven-failsafe-plugin-3.3.1.jar;C:\Users\jafrn\.m2\repository\org\apache\maven\surefire\surefire-api\3.3.1\surefire-api-3.3.1.jar;C:\Users\jafrn\.m2\repository\org\apache\maven\surefire\surefire-logger-api\3.3.1\surefire-logger-api-3.3.1.jar;C:\Users\jafrn\.m2\repository\org\apache\maven\surefire\surefire-booter\3.3.1\surefire-booter-3.3.1.jar;C:\Users\jafrn\.m2\repository\org\apache\maven\surefire\surefire-extensions-spi\3.3.1\surefire-extensions-spi-3.3.1.jar;C:\Users\jafrn\.m2\repository\org\apache\maven\surefire\surefire-extensions-api\3.3.1\surefire-extensions-api-3.3.1.jar;C:\Users\jafrn\.m2\repository\org\apache\maven\surefire\surefire-shared-utils\3.3.1\surefire-shared-utils-3.3.1.jar;C:\Users\jafrn\.m2\repository\org\apache\maven\surefire\maven-surefire-common\3.3.1\maven-surefire-common-3.3.1.jar;C:\Users\jafrn\.m2\repository\org\apache\maven\resolver\maven-resolver-util\1.4.1\maven-resolver-util-1.4.1.jar;C:\Users\jafrn\.m2\repository\org\apache\maven\resolver\maven-resolver-api\1.4.1\maven-resolver-api-1.4.1.jar;C:\Users\jafrn\.m2\repository\org\apache\maven\shared\maven-common-artifact-filters\3.4.0\maven-common-artifact-filters-3.4.0.jar;C:\Users\jafrn\.m2\repository\org\codehaus\plexus\plexus-java\1.2.0\plexus-java-1.2.0.jar;C:\Users\jafrn\.m2\repository\org\ow2\asm\asm\9.6\asm-9.6.jar;C:\Users\jafrn\.m2\repository\com\thoughtworks\qdox\qdox\2.0.3\qdox-2.0.3.jar;C:\Users\jafrn\.m2\repository\org\slf4j\slf4j-simple\2.0.16\slf4j-simple-2.0.16.jar;"/>
    <property name="sun.cpu.endian" value="little"/>
    <property name="user.home" value="C:\Users\jafrn"/>
    <property name="user.language" value="en"/>
    <property name="java.specification.vendor" value="Oracle Corporation"/>
    <property name="java.version.date" value="2024-04-16"/>
    <property name="java.home" value="C:\Program Files\Java\jdk-22"/>
    <property name="file.separator" value="\"/>
    <property name="basedir" value="G:\CODES SA SSD\Automation things\Selenium\cucumbertestng"/>
    <property name="java.vm.compressedOopsMode" value="Zero based"/>
    <property name="line.separator" value="&#10;"/>
    <property name="java.vm.specification.vendor" value="Oracle Corporation"/>
    <property name="java.specification.name" value="Java Platform API Specification"/>
    <property name="surefire.real.class.path" value="C:\Users\jafrn\AppData\Local\Temp\surefire14455173029529265602\surefirebooter-20241015221904792_3.jar"/>
    <property name="user.script" value=""/>
    <property name="sun.management.compiler" value="HotSpot 64-Bit Tiered Compilers"/>
    <property name="java.runtime.version" value="22.0.1+8-16"/>
    <property name="user.name" value="jafrn"/>
    <property name="stdout.encoding" value="Cp1252"/>
    <property name="path.separator" value=";"/>
    <property name="os.version" value="10.0"/>
    <property name="java.runtime.name" value="Java(TM) SE Runtime Environment"/>
    <property name="file.encoding" value="UTF-8"/>
    <property name="java.vm.name" value="Java HotSpot(TM) 64-Bit Server VM"/>
    <property name="localRepository" value="C:\Users\jafrn\.m2\repository"/>
    <property name="java.vendor.url.bug" value="https://bugreport.java.com/bugreport/"/>
    <property name="java.io.tmpdir" value="C:\Users\jafrn\AppData\Local\Temp\"/>
    <property name="java.version" value="22.0.1"/>
    <property name="user.dir" value="G:\CODES SA SSD\Automation things\Selenium\cucumbertestng"/>
    <property name="os.arch" value="amd64"/>
    <property name="java.vm.specification.name" value="Java Virtual Machine Specification"/>
    <property name="sun.os.patch.level" value=""/>
    <property name="native.encoding" value="Cp1252"/>
    <property name="java.library.path" value="C:\Program Files\Java\jdk-22\bin;C:\Windows\Sun\Java\bin;C:\Windows\system32;C:\Windows;C:\Program Files\Common Files\Oracle\Java\javapath;C:\Windows\system32;C:\Windows;C:\Windows\System32\Wbem;C:\Windows\System32\WindowsPowerShell\v1.0\;C:\Windows\System32\OpenSSH\;C:\Program Files (x86)\NVIDIA Corporation\PhysX\Common;C:\Program Files\NVIDIA Corporation\NVIDIA NvDLISR;C:\Program Files (x86)\AOMEI\AOMEI Backupper\7.4.0;C:\Program Files\Git\cmd;C:\Program Files\Java\jdk-22\bin;C:\Program Files\apache-maven-3.9.8\bin;C:\Users\jafrn\AppData\Local\Microsoft\WindowsApps;C:\Users\jafrn\AppData\Local\Programs\Microsoft VS Code\bin;C:\Users\jafrn\AppData\Local\GitHubDesktop\bin;."/>
    <property name="java.vm.info" value="mixed mode, sharing"/>
    <property name="stderr.encoding" value="Cp1252"/>
    <property name="java.vendor" value="Oracle Corporation"/>
    <property name="java.vm.version" value="22.0.1+8-16"/>
    <property name="sun.io.unicode.encoding" value="UnicodeLittle"/>
    <property name="java.class.version" value="66.0"/>
  </properties>
  <testcase name="addToCartThenDecreaseQuantity" classname="com.example.coffee_cart_app.testClasses.cartPage" time="2.429">
    <system-out><![CDATA[
(STARTING TEST)=========================================================================================== 
Item added to cart: CafeLatte
Item Price: 16.0
Total spending: 16.0

Promo Element not visible as expected...
Item added to cart: CafeLatte
Item Price: 16.0
Total spending: 32.0

Promo Element not visible as expected...
Item added to cart: CafeLatte
Item Price: 16.0
Total spending: 48.0

Promo Appeared =>>>
It's your lucky day! Get an extra cup of Mocha for $4.
PROMO REJECTED
Item added to cart: CafeLatte
Item Price: 16.0
Total spending: 64.0

Promo Element not visible as expected...
Item added to cart: CafeLatte
Item Price: 16.0
Total spending: 80.0

Promo Element not visible as expected...
Item added to cart: CafeLatte
Item Price: 16.0
Total spending: 96.0

Promo Appeared =>>>
It's your lucky day! Get an extra cup of Mocha for $4.
PROMO REJECTED
Item added to cart: CafeLatte
Item Price: 16.0
Total spending: 112.0

Promo Element not visible as expected...
Item added to cart: CafeLatte
Item Price: 16.0
Total spending: 128.0

Promo Element not visible as expected...
Item added to cart: CafeLatte
Item Price: 16.0
Total spending: 144.0

Promo Appeared =>>>
It's your lucky day! Get an extra cup of Mocha for $4.
PROMO REJECTED
Item added to cart: CafeLatte
Item Price: 16.0
Total spending: 160.0

Promo Element not visible as expected...
Item added to cart: CafeLatte
Item Price: 16.0
Total spending: 176.0

Promo Element not visible as expected...
Item added to cart: CafeLatte
Item Price: 16.0
Total spending: 192.0

Promo Appeared =>>>
It's your lucky day! Get an extra cup of Mocha for $4.
PROMO REJECTED
Item added to cart: CafeLatte
Item Price: 16.0
Total spending: 208.0

Promo Element not visible as expected...
Item added to cart: CafeLatte
Item Price: 16.0
Total spending: 224.0

Promo Element not visible as expected...
Item added to cart: CafeLatte
Item Price: 16.0
Total spending: 240.0

Promo Appeared =>>>
It's your lucky day! Get an extra cup of Mocha for $4.
PROMO REJECTED
Item added to cart: CafeLatte
Item Price: 16.0
Total spending: 256.0

Promo Element not visible as expected...
Item added to cart: CafeLatte
Item Price: 16.0
Total spending: 272.0

Promo Element not visible as expected...
Item added to cart: CafeLatte
Item Price: 16.0
Total spending: 288.0

Promo Appeared =>>>
It's your lucky day! Get an extra cup of Mocha for $4.
PROMO REJECTED
Item added to cart: CafeLatte
Item Price: 16.0
Total spending: 304.0

Promo Element not visible as expected...
Item added to cart: CafeLatte
Item Price: 16.0
Total spending: 320.0

Promo Element not visible as expected...
Successfully ordered: 20 Cafe Latte
Order total based on manual count: 320.0

(navigateToCartPage)=========================================================================================== 
Orders recognized, proceed
Curent cart container price: Total: $320.00
Item name: Cafe Latte
Item quantity: 20
Item name: Cafe Latte
Order quantity after operation: 10
Curent cart container price: Total: $160.00
Item name: Cafe Latte
Item quantity: 10
]]></system-out>
  </testcase>
  <testcase name="addToCartThenIncreaseQuantity" classname="com.example.coffee_cart_app.testClasses.cartPage" time="1.628">
    <system-out><![CDATA[
(Test Method completed)=========================================================================================== 
Item added to cart: Mocha
Item Price: 8.0
Total spending: 8.0

Promo Element not visible as expected...
Item added to cart: Mocha
Item Price: 8.0
Total spending: 16.0

Promo Element not visible as expected...
Item added to cart: Mocha
Item Price: 8.0
Total spending: 24.0

Promo Appeared =>>>
It's your lucky day! Get an extra cup of Mocha for $4.
PROMO REJECTED
Item added to cart: Mocha
Item Price: 8.0
Total spending: 32.0

Promo Element not visible as expected...
Item added to cart: Mocha
Item Price: 8.0
Total spending: 40.0

Promo Element not visible as expected...
Item added to cart: Mocha
Item Price: 8.0
Total spending: 48.0

Promo Appeared =>>>
It's your lucky day! Get an extra cup of Mocha for $4.
PROMO REJECTED
Item added to cart: Mocha
Item Price: 8.0
Total spending: 56.0

Promo Element not visible as expected...
Item added to cart: Mocha
Item Price: 8.0
Total spending: 64.0

Promo Element not visible as expected...
Item added to cart: Mocha
Item Price: 8.0
Total spending: 72.0

Promo Appeared =>>>
It's your lucky day! Get an extra cup of Mocha for $4.
PROMO REJECTED
Item added to cart: Mocha
Item Price: 8.0
Total spending: 80.0

Promo Element not visible as expected...
Successfully ordered: 10 Mocha
Order total based on manual count: 80.0

(navigateToCartPage)=========================================================================================== 
Orders recognized, proceed
Curent cart container price: Total: $80.00
Item name: Mocha
Item quantity: 10
Item name: Mocha
Order quantity after operation: 20
Curent cart container price: Total: $160.00
Item name: Mocha
Item quantity: 20
]]></system-out>
  </testcase>
  <testcase name="assertCartPageElements" classname="com.example.coffee_cart_app.testClasses.cartPage" time="0.539">
    <system-out><![CDATA[
(Test Method completed)=========================================================================================== 
Item added to cart: Mocha
Item Price: 8.0
Total spending: 8.0

Promo Element not visible as expected...

(navigateToCartPage)=========================================================================================== 
Orders recognized, proceed

(Starting assertMenuTopBar)=========================================================================================== 
All top menu bar elements Verified
Items in cart
Item: Mocha, Price and quantity: $8.00 x 1, TOTAL: $8.00
No Validation Error found as expected...
Cart page elements verified
]]></system-out>
  </testcase>
  <testcase name="checkOutAllItemsInMenu" classname="com.example.coffee_cart_app.testClasses.cartPage" time="3.014">
    <system-out><![CDATA[
(Test Method completed)=========================================================================================== 
Item added to cart: Espresso
Item Price: 10.0
Total spending: 10.0

Promo Element not visible as expected...
Item added to cart: EspressoMacchiato
Item Price: 12.0
Total spending: 22.0

Promo Element not visible as expected...
Item added to cart: Cappuccino
Item Price: 19.0
Total spending: 41.0

Promo Appeared =>>>
It's your lucky day! Get an extra cup of Mocha for $4.
PROMO REJECTED
Item added to cart: Mocha
Item Price: 8.0
Total spending: 49.0

Promo Element not visible as expected...
Item added to cart: FlatWhite
Item Price: 18.0
Total spending: 67.0

Promo Element not visible as expected...
Item added to cart: Americano
Item Price: 7.0
Total spending: 74.0

Promo Appeared =>>>
It's your lucky day! Get an extra cup of Mocha for $4.
PROMO REJECTED
Item added to cart: CafeLatte
Item Price: 16.0
Total spending: 90.0

Promo Element not visible as expected...
Item added to cart: CafeBreve
Item Price: 15.0
Total spending: 105.0

Promo Element not visible as expected...
Item added to cart: EspressoConPanna
Item Price: 14.0
Total spending: 119.0

Promo Appeared =>>>
It's your lucky day! Get an extra cup of Mocha for $4.
PROMO REJECTED
Order total based on manual count: 119.0

(navigateToCartPage)=========================================================================================== 
Orders recognized, proceed

(performCheckOutOnPayContainer)=========================================================================================== 
Validation Error: 
Checking out all items verified
]]></system-out>
  </testcase>
  <testcase name="checkOutOrdersUsingCheckoutPage" classname="com.example.coffee_cart_app.testClasses.cartPage" time="1.087">
    <system-out><![CDATA[
(Test Method completed)=========================================================================================== 
Item added to cart: Mocha
Item Price: 8.0
Total spending: 8.0

Promo Element not visible as expected...
Item added to cart: FlatWhite
Item Price: 18.0
Total spending: 26.0

Promo Element not visible as expected...
Item added to cart: CafeLatte
Item Price: 16.0
Total spending: 42.0

Promo Appeared =>>>
It's your lucky day! Get an extra cup of Mocha for $4.
PROMO REJECTED
Item added to cart: EspressoConPanna
Item Price: 14.0
Total spending: 56.0

Promo Element not visible as expected...
Item added to cart: CafeBreve
Item Price: 15.0
Total spending: 71.0

Promo Element not visible as expected...
Order total based on manual count: 71.0

(navigateToCartPage)=========================================================================================== 
Orders recognized, proceed

(assertCompareCartListFromSiteToManualOrdersList)=========================================================================================== 
Items from page: [Cafe Breve, Cafe Latte, Espresso Con Panna, Flat White, Mocha]
Items from orderList[Mocha, Flat White, Cafe Latte, Espresso Con Panna, Cafe Breve]
Cart list verified and matches the manual order list
No Validation Error found as expected...
Checking out using cart page verified
]]></system-out>
  </testcase>
  <testcase name="checkOutOrdersUsingPayContainerButton" classname="com.example.coffee_cart_app.testClasses.cartPage" time="1.429">
    <system-out><![CDATA[
(Test Method completed)=========================================================================================== 
Item added to cart: Mocha
Item Price: 8.0
Total spending: 8.0

Promo Element not visible as expected...
Item added to cart: FlatWhite
Item Price: 18.0
Total spending: 26.0

Promo Element not visible as expected...
Item added to cart: CafeLatte
Item Price: 16.0
Total spending: 42.0

Promo Appeared =>>>
It's your lucky day! Get an extra cup of Mocha for $4.
PROMO REJECTED
Item added to cart: EspressoConPanna
Item Price: 14.0
Total spending: 56.0

Promo Element not visible as expected...
Item added to cart: CafeBreve
Item Price: 15.0
Total spending: 71.0

Promo Element not visible as expected...
Order total based on manual count: 71.0
Cart list verified and matches the manual order list

(performCheckOutOnPayContainer)=========================================================================================== 
Validation Error: Please fill out this field.Please fill out this field.
]]></system-out>
  </testcase>
  <testcase name="checkOutWithEmptyPaymentDetails" classname="com.example.coffee_cart_app.testClasses.cartPage" time="0.789">
    <system-out><![CDATA[
(Test Method completed)=========================================================================================== 
Item added to cart: Mocha
Item Price: 8.0
Total spending: 8.0

Promo Element not visible as expected...

(navigateToCartPage)=========================================================================================== 
Orders recognized, proceed

(performCheckOutOnPayContainer)=========================================================================================== 
Validation Error: Please fill out this field.Please fill out this field.
]]></system-out>
  </testcase>
  <testcase name="checkOutWithIncompletePaymentDetails" classname="com.example.coffee_cart_app.testClasses.cartPage" time="0.808">
    <system-out><![CDATA[
(Test Method completed)=========================================================================================== 
Item added to cart: Mocha
Item Price: 8.0
Total spending: 8.0

Promo Element not visible as expected...

(navigateToCartPage)=========================================================================================== 
Orders recognized, proceed

(performCheckOutOnPayContainer)=========================================================================================== 
Validation Error: Please include an '@' in the email address. 'sampleEmail' is missing an '@'.
]]></system-out>
  </testcase>
  <testcase name="checkOutWithNoItemInCart" classname="com.example.coffee_cart_app.testClasses.cartPage" time="0.071">
    <system-out><![CDATA[
(Test Method completed)=========================================================================================== 
No coffee, go add some.
]]></system-out>
  </testcase>
  <testcase name="setUp" classname="com.example.coffee_cart_app.testClasses.menuPage" time="0.348">
    <failure message="Cannot invoke &quot;org.openqa.selenium.WebDriver.get(String)&quot; because &quot;this.driver&quot; is null" type="java.lang.NullPointerException"><![CDATA[java.lang.NullPointerException: Cannot invoke "org.openqa.selenium.WebDriver.get(String)" because "this.driver" is null
	at com.example.coffee_cart_app.utilityMethods.baseTest.setUp(baseTest.java:70)
	at java.base/jdk.internal.reflect.DirectMethodHandleAccessor.invoke(DirectMethodHandleAccessor.java:103)
	at java.base/java.lang.reflect.Method.invoke(Method.java:580)
	at org.testng.internal.invokers.MethodInvocationHelper.invokeMethod(MethodInvocationHelper.java:141)
	at org.testng.internal.invokers.MethodInvocationHelper.invokeMethodConsideringTimeout(MethodInvocationHelper.java:71)
	at org.testng.internal.invokers.ConfigInvoker.invokeConfigurationMethod(ConfigInvoker.java:400)
	at org.testng.internal.invokers.ConfigInvoker.invokeConfigurations(ConfigInvoker.java:333)
	at org.testng.internal.invokers.TestInvoker.runConfigMethods(TestInvoker.java:833)
	at org.testng.internal.invokers.TestInvoker.invokeMethod(TestInvoker.java:600)
	at org.testng.internal.invokers.TestInvoker.invokeTestMethod(TestInvoker.java:230)
	at org.testng.internal.invokers.MethodRunner.runInSequence(MethodRunner.java:63)
	at org.testng.internal.invokers.TestInvoker$MethodInvocationAgent.invoke(TestInvoker.java:992)
	at org.testng.internal.invokers.TestInvoker.invokeTestMethods(TestInvoker.java:203)
	at org.testng.internal.invokers.TestMethodWorker.invokeTestMethods(TestMethodWorker.java:154)
	at org.testng.internal.invokers.TestMethodWorker.run(TestMethodWorker.java:134)
	at java.base/java.util.ArrayList.forEach(ArrayList.java:1597)
	at org.testng.TestRunner.privateRun(TestRunner.java:739)
	at org.testng.TestRunner.run(TestRunner.java:614)
	at org.testng.SuiteRunner.runTest(SuiteRunner.java:421)
	at org.testng.SuiteRunner.runSequentially(SuiteRunner.java:413)
	at org.testng.SuiteRunner.privateRun(SuiteRunner.java:373)
	at org.testng.SuiteRunner.run(SuiteRunner.java:312)
	at org.testng.SuiteRunnerWorker.runSuite(SuiteRunnerWorker.java:52)
	at org.testng.SuiteRunnerWorker.run(SuiteRunnerWorker.java:95)
	at org.testng.TestNG.runSuitesSequentially(TestNG.java:1274)
	at org.testng.TestNG.runSuitesLocally(TestNG.java:1208)
	at org.testng.TestNG.runSuites(TestNG.java:1112)
	at org.testng.TestNG.run(TestNG.java:1079)
	at org.apache.maven.surefire.testng.TestNGExecutor.run(TestNGExecutor.java:324)
	at org.apache.maven.surefire.testng.TestNGXmlTestSuite.execute(TestNGXmlTestSuite.java:74)
	at org.apache.maven.surefire.testng.TestNGProvider.invoke(TestNGProvider.java:123)
	at org.apache.maven.surefire.booter.ForkedBooter.runSuitesInProcess(ForkedBooter.java:456)
	at org.apache.maven.surefire.booter.ForkedBooter.execute(ForkedBooter.java:169)
	at org.apache.maven.surefire.booter.ForkedBooter.run(ForkedBooter.java:595)
	at org.apache.maven.surefire.booter.ForkedBooter.main(ForkedBooter.java:581)
]]></failure>
    <system-out><![CDATA[
(Test Method completed)=========================================================================================== 
]]></system-out>
  </testcase>
  <testcase name="setUp" classname="com.example.coffee_cart_app.testClasses.menuPage" time="0">
    <skipped/>
  </testcase>
  <testcase name="setUp" classname="com.example.coffee_cart_app.testClasses.menuPage" time="0">
    <skipped/>
  </testcase>
  <testcase name="setUp" classname="com.example.coffee_cart_app.testClasses.menuPage" time="0">
    <skipped/>
  </testcase>
  <testcase name="setUp" classname="com.example.coffee_cart_app.testClasses.menuPage" time="0">
    <skipped/>
  </testcase>
  <testcase name="setUp" classname="com.example.coffee_cart_app.testClasses.menuPage" time="0">
    <skipped/>
  </testcase>
  <testcase name="setUp" classname="com.example.coffee_cart_app.testClasses.menuPage" time="0">
    <skipped/>
  </testcase>
  <testcase name="acceptPromo" classname="com.example.coffee_cart_app.testClasses.menuPage" time="0">
    <skipped message="Cannot invoke &quot;org.openqa.selenium.WebDriver.get(String)&quot; because &quot;this.driver&quot; is null"/>
  </testcase>
  <testcase name="tearDown" classname="com.example.coffee_cart_app.testClasses.menuPage" time="0">
    <skipped/>
  </testcase>
  <testcase name="tearDown" classname="com.example.coffee_cart_app.testClasses.menuPage" time="0">
    <skipped/>
  </testcase>
  <testcase name="tearDown" classname="com.example.coffee_cart_app.testClasses.menuPage" time="0">
    <skipped/>
  </testcase>
  <testcase name="tearDown" classname="com.example.coffee_cart_app.testClasses.menuPage" time="0">
    <skipped/>
  </testcase>
  <testcase name="tearDown" classname="com.example.coffee_cart_app.testClasses.menuPage" time="0">
    <skipped/>
  </testcase>
  <testcase name="tearDown" classname="com.example.coffee_cart_app.testClasses.menuPage" time="0">
    <skipped/>
  </testcase>
  <testcase name="tearDown" classname="com.example.coffee_cart_app.testClasses.menuPage" time="0">
    <skipped/>
  </testcase>
  <testcase name="addAllItemsToCart" classname="com.example.coffee_cart_app.testClasses.menuPage" time="0">
    <skipped message="Cannot invoke &quot;org.openqa.selenium.WebDriver.get(String)&quot; because &quot;this.driver&quot; is null"/>
  </testcase>
  <testcase name="pickASingleItem" classname="com.example.coffee_cart_app.testClasses.menuPage" time="0">
    <skipped message="Cannot invoke &quot;org.openqa.selenium.WebDriver.get(String)&quot; because &quot;this.driver&quot; is null"/>
  </testcase>
  <testcase name="pickDifferentItems" classname="com.example.coffee_cart_app.testClasses.menuPage" time="0">
    <skipped message="Cannot invoke &quot;org.openqa.selenium.WebDriver.get(String)&quot; because &quot;this.driver&quot; is null"/>
  </testcase>
  <testcase name="pickMultipleOfTheSameItem" classname="com.example.coffee_cart_app.testClasses.menuPage" time="0">
    <skipped message="Cannot invoke &quot;org.openqa.selenium.WebDriver.get(String)&quot; because &quot;this.driver&quot; is null"/>
  </testcase>
  <testcase name="rejectPromo" classname="com.example.coffee_cart_app.testClasses.menuPage" time="0">
    <skipped message="Cannot invoke &quot;org.openqa.selenium.WebDriver.get(String)&quot; because &quot;this.driver&quot; is null"/>
  </testcase>
  <testcase name="testMenuPageElementsVisibility" classname="com.example.coffee_cart_app.testClasses.menuPage" time="0">
    <skipped message="Cannot invoke &quot;org.openqa.selenium.WebDriver.get(String)&quot; because &quot;this.driver&quot; is null"/>
  </testcase>
  <testcase name="afterTest" classname="com.example.coffee_cart_app.testClasses.menuPage" time="0">
    <skipped/>
  </testcase>
</testsuite>