<?xml version="1.0" encoding="UTF-8"?>
<!-- Generated by org.testng.reporters.JUnitReportReporter -->
<testsuite hostname="jod" failures="0" tests="27" name="com.example.coffee_cart_app.testClasses.cartPage" time="89.120" errors="0" timestamp="2024-10-19T11:38:03 PST" skipped="0">
  <testcase classname="com.example.coffee_cart_app.testClasses.cartPage" name="checkOutAllItemsInMenu" time="4.572"/>
  <testcase classname="com.example.coffee_cart_app.testClasses.cartPage" name="checkOutOrdersUsingCheckoutPage" time="1.325"/>
  <testcase classname="com.example.coffee_cart_app.testClasses.cartPage" name="checkOutWithEmptyPaymentDetails" time="0.859"/>
  <testcase classname="com.example.coffee_cart_app.testClasses.cartPage" name="checkOutWithNoItemInCart" time="0.204"/>
  <testcase classname="com.example.coffee_cart_app.testClasses.cartPage" name="checkOutOrdersUsingCheckoutPage" time="2.745"/>
  <testcase classname="com.example.coffee_cart_app.testClasses.cartPage" name="addToCartThenDecreaseQuantity" time="8.936"/>
  <testcase classname="com.example.coffee_cart_app.testClasses.cartPage" name="addToCartThenDecreaseQuantity" time="9.571"/>
  <testcase classname="com.example.coffee_cart_app.testClasses.cartPage" name="assertCartPageElements" time="0.794"/>
  <testcase classname="com.example.coffee_cart_app.testClasses.cartPage" name="addToCartThenDecreaseQuantity" time="8.837"/>
  <testcase classname="com.example.coffee_cart_app.testClasses.cartPage" name="checkOutWithNoItemInCart" time="0.206"/>
  <testcase classname="com.example.coffee_cart_app.testClasses.cartPage" name="checkOutAllItemsInMenu" time="3.860"/>
  <testcase classname="com.example.coffee_cart_app.testClasses.cartPage" name="checkOutOrdersUsingCheckoutPage" time="0.836"/>
  <testcase classname="com.example.coffee_cart_app.testClasses.cartPage" name="checkOutOrdersUsingPayContainerButton" time="3.667"/>
  <testcase classname="com.example.coffee_cart_app.testClasses.cartPage" name="checkOutWithEmptyPaymentDetails" time="1.577"/>
  <testcase classname="com.example.coffee_cart_app.testClasses.cartPage" name="addToCartThenIncreaseQuantity" time="3.228"/>
  <testcase classname="com.example.coffee_cart_app.testClasses.cartPage" name="assertCartPageElements" time="1.001"/>
  <testcase classname="com.example.coffee_cart_app.testClasses.cartPage" name="checkOutWithEmptyPaymentDetails" time="0.959"/>
  <testcase classname="com.example.coffee_cart_app.testClasses.cartPage" name="checkOutOrdersUsingPayContainerButton" time="1.493"/>
  <testcase classname="com.example.coffee_cart_app.testClasses.cartPage" name="addToCartThenIncreaseQuantity" time="1.735"/>
  <testcase classname="com.example.coffee_cart_app.testClasses.cartPage" name="checkOutWithIncompletePaymentDetails" time="5.967"/>
  <testcase classname="com.example.coffee_cart_app.testClasses.cartPage" name="addToCartThenIncreaseQuantity" time="6.103"/>
  <testcase classname="com.example.coffee_cart_app.testClasses.cartPage" name="checkOutAllItemsInMenu" time="4.423"/>
  <testcase classname="com.example.coffee_cart_app.testClasses.cartPage" name="assertCartPageElements" time="1.709"/>
  <testcase classname="com.example.coffee_cart_app.testClasses.cartPage" name="checkOutOrdersUsingPayContainerButton" time="1.340"/>
  <testcase classname="com.example.coffee_cart_app.testClasses.cartPage" name="checkOutWithIncompletePaymentDetails" time="6.266"/>
  <testcase classname="com.example.coffee_cart_app.testClasses.cartPage" name="checkOutWithNoItemInCart" time="0.356"/>
  <testcase classname="com.example.coffee_cart_app.testClasses.cartPage" name="checkOutWithIncompletePaymentDetails" time="6.551"/>
</testsuite> <!-- com.example.coffee_cart_app.testClasses.cartPage -->
