<?xml version="1.0" encoding="UTF-8"?>
<!-- Generated by org.testng.reporters.JUnitReportReporter -->
<testsuite hostname="jod" failures="0" tests="21" name="com.example.coffee_cart_app.testClasses.menuPage" time="39.221" errors="0" timestamp="2024-10-17T13:36:46 PST" skipped="0">
  <testcase classname="com.example.coffee_cart_app.testClasses.menuPage" name="pickDifferentItems" time="1.359"/>
  <testcase classname="com.example.coffee_cart_app.testClasses.menuPage" name="pickDifferentItems" time="1.292"/>
  <testcase classname="com.example.coffee_cart_app.testClasses.menuPage" name="rejectPromo" time="1.172"/>
  <testcase classname="com.example.coffee_cart_app.testClasses.menuPage" name="testMenuPageElementsVisibility" time="1.250"/>
  <testcase classname="com.example.coffee_cart_app.testClasses.menuPage" name="rejectPromo" time="1.831"/>
  <testcase classname="com.example.coffee_cart_app.testClasses.menuPage" name="pickMultipleOfTheSameItem" time="1.289"/>
  <testcase classname="com.example.coffee_cart_app.testClasses.menuPage" name="pickASingleItem" time="1.332"/>
  <testcase classname="com.example.coffee_cart_app.testClasses.menuPage" name="pickASingleItem" time="0.364"/>
  <testcase classname="com.example.coffee_cart_app.testClasses.menuPage" name="pickMultipleOfTheSameItem" time="2.176"/>
  <testcase classname="com.example.coffee_cart_app.testClasses.menuPage" name="pickMultipleOfTheSameItem" time="1.146"/>
  <testcase classname="com.example.coffee_cart_app.testClasses.menuPage" name="acceptPromo" time="1.199"/>
  <testcase classname="com.example.coffee_cart_app.testClasses.menuPage" name="acceptPromo" time="2.642"/>
  <testcase classname="com.example.coffee_cart_app.testClasses.menuPage" name="testMenuPageElementsVisibility" time="2.065"/>
  <testcase classname="com.example.coffee_cart_app.testClasses.menuPage" name="pickASingleItem" time="0.984"/>
  <testcase classname="com.example.coffee_cart_app.testClasses.menuPage" name="addAllItemsToCart" time="4.144"/>
  <testcase classname="com.example.coffee_cart_app.testClasses.menuPage" name="testMenuPageElementsVisibility" time="1.473"/>
  <testcase classname="com.example.coffee_cart_app.testClasses.menuPage" name="rejectPromo" time="1.221"/>
  <testcase classname="com.example.coffee_cart_app.testClasses.menuPage" name="acceptPromo" time="1.825"/>
  <testcase classname="com.example.coffee_cart_app.testClasses.menuPage" name="addAllItemsToCart" time="4.063"/>
  <testcase classname="com.example.coffee_cart_app.testClasses.menuPage" name="pickDifferentItems" time="2.337"/>
  <testcase classname="com.example.coffee_cart_app.testClasses.menuPage" name="addAllItemsToCart" time="4.057"/>
</testsuite> <!-- com.example.coffee_cart_app.testClasses.menuPage -->
